[debug] > Exec(sbtStashOnFailure, None, None)
[debug] > Exec(sbtMapExec 43480502-f372-4c96-b831-cbfefaa12b86 __a64d6a3a-4848-4cee-aa62-41976133a9f9, None, None)
[debug] > Exec(reload, Some(__a64d6a3a-4848-4cee-aa62-41976133a9f9), Some(CommandSource(network-2)))
[debug] unmatched Processing event for requestId Some(__a64d6a3a-4848-4cee-aa62-41976133a9f9): None
[debug] > Exec(sbtStashOnFailure, None, Some(CommandSource(network-2)))
[debug] unmatched Processing event for requestId None: None
[debug] unmatched Done event for requestId None: None
[debug] > Exec(onFailure loadFailed, None, Some(CommandSource(network-2)))
[debug] unmatched Processing event for requestId None: None
[debug] unmatched Done event for requestId None: None
[debug] > Exec(loadp, None, Some(CommandSource(network-2)))
[debug] unmatched Processing event for requestId None: None
[debug] jsonRpcRequest: JsonRpcRequestMessage(2.0, f952c1bd-c7d8-4bb3-85d7-61e615705921, sbt/terminalPropertiesQuery, ""})
[info] welcome to sbt 1.5.5 (Homebrew Java 17.0.12)
[debug]       Load.loadUnit: plugins took 6.935917ms
[debug]       Load.loadUnit: defsScala took 0.001125ms
[debug] [Loading] Scanning directory /Users/mloyzer/.sbt/1.0/plugins
[debug]         Load.loadUnit: mkEval took 0.124084ms
[debug] [Loading] Found non-root projects 
[debug] [Loading] Done in /Users/mloyzer/.sbt/1.0/plugins, returning: ()
[debug] deducing auto plugins based on known facts Set(Atom(sbt.plugins.CorePlugin)) and clauses Clauses(Clause(Atom(sbt.plugins.JvmPlugin),Set(Atom(sbt.plugins.IvyPlugin)))
[debug] Clause(Atom(sbt.ScriptedPlugin),Set(Atom(sbt.plugins.JvmPlugin)))
[debug] Clause(Atom(sbt.plugins.SbtPlugin),Set(Atom(sbt.ScriptedPlugin)))
[debug] Clause(Atom(sbt.plugins.SemanticdbPlugin),Set(Atom(sbt.plugins.JvmPlugin)))
[debug] Clause(Atom(sbt.plugins.JUnitXmlReportPlugin),Set(Atom(sbt.plugins.JvmPlugin)))
[debug] Clause(Atom(sbt.plugins.MiniDependencyTreePlugin),Set(Atom(sbt.plugins.JvmPlugin)))
[debug] Clause(Atom(sbt.plugins.CorePlugin),Set(Atom(sbt.plugins.IvyPlugin)))
[debug] Clause(Atom(sbt.plugins.IvyPlugin),Set(Atom(sbt.plugins.JvmPlugin)))
[debug] Clause(Atom(sbt.plugins.JvmPlugin),Set(Atom(sbt.plugins.SemanticdbPlugin)))
[debug] Clause(Atom(sbt.plugins.JvmPlugin),Set(Atom(sbt.plugins.JUnitXmlReportPlugin)))
[debug] Clause(Atom(sbt.plugins.CorePlugin),Set(Atom(sbt.plugins.Giter8TemplatePlugin)))
[debug] Clause(Atom(sbt.plugins.JvmPlugin),Set(Atom(sbt.plugins.MiniDependencyTreePlugin))))
[debug]   :: deduced result: Matched(sbt.plugins.CorePlugin,sbt.plugins.Giter8TemplatePlugin,sbt.plugins.IvyPlugin,sbt.plugins.JvmPlugin,sbt.plugins.MiniDependencyTreePlugin,sbt.plugins.JUnitXmlReportPlugin,sbt.plugins.SemanticdbPlugin)
[debug] Plugins.deducer#function took 0.692375 ms
[info] loading settings for project global-plugins from global-config.sbt ...
[debug]           Load.resolveProject(global-plugins) took 1.040292ms
[debug]         Load.loadTransitive: finalizeProject(Project(id global-plugins, base: /Users/mloyzer/.sbt/1.0/plugins, plugins: List(<none>))) took 1.937791ms
[debug] [Loading] Done in /Users/mloyzer/.sbt/1.0/plugins, returning: (global-plugins)
[debug]       Load.loadUnit: loadedProjectsRaw took 8.626833ms
[debug]       Load.loadUnit: cleanEvalClasses took 0.428584ms
[debug]     Load.loadUnit(file:/Users/mloyzer/.sbt/1.0/plugins/, ...) took 16.236292ms
[debug]   Load.apply: load took 17.020875ms
[debug]   Load.apply: resolveProjects took 0.075584ms
[debug]   Load.apply: finalTransforms took 3.049667ms
[debug]   Load.apply: config.delegates took 0.112667ms
[debug]   Load.apply: Def.make(settings)... took 22.191625ms
[debug]   Load.apply: structureIndex took 8.239458ms
[debug]   Load.apply: mkStreams took 0.001459ms
[info] loading global plugins from /Users/mloyzer/.sbt/1.0/plugins
[debug] Running task... Cancel: Signal, check cycles: false, forcegc: true
[debug] jsonRpcNotify: JsonRpcNotificationMessage(2.0, build/taskStart, {"taskId":{"id":"5","parents":[]},"eventTime":1745208847882,"message":"Compiling global-plugins","dataKind":"compile-task","data":{"target":{"uri":"file:/Users/mloyzer/.sbt/1.0/plugins/#global-plugins/Compile"}}})
[debug] jsonRpcNotify: JsonRpcNotificationMessage(2.0, build/taskStart, {"taskId":{"id":"5","parents":[]},"eventTime":1745208847882,"message":"Compiling global-plugins","dataKind":"compile-task","data":{"target":{"uri":"file:/Users/mloyzer/.sbt/1.0/plugins/#global-plugins/Compile"}}})
[debug] jsonRpcNotify: JsonRpcNotificationMessage(2.0, build/taskFinish, {"taskId":{"id":"5","parents":[]},"eventTime":1745208847888,"message":"Compiled global-plugins","status":1,"dataKind":"compile-report","data":{"target":{"uri":"file:/Users/mloyzer/.sbt/1.0/plugins/#global-plugins/Compile"},"errors":0,"warnings":0,"time":6}})
[debug] jsonRpcNotify: JsonRpcNotificationMessage(2.0, build/taskFinish, {"taskId":{"id":"5","parents":[]},"eventTime":1745208847888,"message":"Compiled global-plugins","status":1,"dataKind":"compile-report","data":{"target":{"uri":"file:/Users/mloyzer/.sbt/1.0/plugins/#global-plugins/Compile"},"errors":0,"warnings":0,"time":6}})
[debug] Load.defaultLoad until apply took 107.376959ms
[debug]                 Load.loadUnit: plugins took 4.794542ms
[debug]                 Load.loadUnit: defsScala took 0.001375ms
[debug] [Loading] Scanning directory /Users/mloyzer/workspace/personal/search-as-you-type/project/project
[debug]                   Load.loadUnit: mkEval took 0.063667ms
[debug] [Loading] Found non-root projects 
[debug] [Loading] Done in /Users/mloyzer/workspace/personal/search-as-you-type/project/project, returning: ()
[debug] deducing auto plugins based on known facts Set(Atom(sbt.plugins.CorePlugin)) and clauses Clauses(Clause(Atom(sbt.plugins.JvmPlugin),Set(Atom(sbt.plugins.IvyPlugin)))
[debug] Clause(Atom(sbt.ScriptedPlugin),Set(Atom(sbt.plugins.JvmPlugin)))
[debug] Clause(Atom(sbt.plugins.SbtPlugin),Set(Atom(sbt.ScriptedPlugin)))
[debug] Clause(Atom(sbt.plugins.SemanticdbPlugin),Set(Atom(sbt.plugins.JvmPlugin)))
[debug] Clause(Atom(sbt.plugins.JUnitXmlReportPlugin),Set(Atom(sbt.plugins.JvmPlugin)))
[debug] Clause(Atom(sbt.plugins.MiniDependencyTreePlugin),Set(Atom(sbt.plugins.JvmPlugin)))
[debug] Clause(Atom(sbt.plugins.CorePlugin),Set(Atom(sbt.plugins.IvyPlugin)))
[debug] Clause(Atom(sbt.plugins.IvyPlugin),Set(Atom(sbt.plugins.JvmPlugin)))
[debug] Clause(Atom(sbt.plugins.JvmPlugin),Set(Atom(sbt.plugins.SemanticdbPlugin)))
[debug] Clause(Atom(sbt.plugins.JvmPlugin),Set(Atom(sbt.plugins.JUnitXmlReportPlugin)))
[debug] Clause(Atom(sbt.plugins.CorePlugin),Set(Atom(sbt.plugins.Giter8TemplatePlugin)))
[debug] Clause(Atom(sbt.plugins.JvmPlugin),Set(Atom(sbt.plugins.MiniDependencyTreePlugin))))
[debug]   :: deduced result: Matched(sbt.plugins.CorePlugin,sbt.plugins.Giter8TemplatePlugin,sbt.plugins.IvyPlugin,sbt.plugins.JvmPlugin,sbt.plugins.MiniDependencyTreePlugin,sbt.plugins.JUnitXmlReportPlugin,sbt.plugins.SemanticdbPlugin)
[debug] Plugins.deducer#function took 0.351166 ms
[info] loading settings for project search-as-you-type-build-build from metals.sbt ...
[debug]                     Load.resolveProject(search-as-you-type-build-build) took 0.522917ms
[debug]                   Load.loadTransitive: finalizeProject(Project(id search-as-you-type-build-build, base: /Users/mloyzer/workspace/personal/search-as-you-type/project/project, plugins: List(<none>))) took 0.991292ms
[debug] [Loading] Done in /Users/mloyzer/workspace/personal/search-as-you-type/project/project, returning: (search-as-you-type-build-build)
[debug]                 Load.loadUnit: loadedProjectsRaw took 9.605ms
[debug]                 Load.loadUnit: cleanEvalClasses took 0.466666ms
[debug]               Load.loadUnit(file:/Users/mloyzer/workspace/personal/search-as-you-type/project/project/, ...) took 14.999542ms
[debug]             Load.apply: load took 16.61225ms
[debug]             Load.apply: resolveProjects took 0.042833ms
[debug]             Load.apply: finalTransforms took 2.646208ms
[debug]             Load.apply: config.delegates took 0.134459ms
[debug]             Load.apply: Def.make(settings)... took 18.669625ms
[debug]             Load.apply: structureIndex took 7.568375ms
[debug]             Load.apply: mkStreams took 0.001292ms
[info] loading project definition from /Users/mloyzer/workspace/personal/search-as-you-type/project/project
[debug] Running task... Cancel: Signal, check cycles: false, forcegc: true
[debug] jsonRpcNotify: JsonRpcNotificationMessage(2.0, build/taskStart, {"taskId":{"id":"6","parents":[]},"eventTime":1745208847962,"message":"Compiling search-as-you-type-build-build","dataKind":"compile-task","data":{"target":{"uri":"file:/Users/mloyzer/workspace/personal/search-as-you-type/project/project/#search-as-you-type-build-build/Compile"}}})
[debug] jsonRpcNotify: JsonRpcNotificationMessage(2.0, build/taskStart, {"taskId":{"id":"6","parents":[]},"eventTime":1745208847962,"message":"Compiling search-as-you-type-build-build","dataKind":"compile-task","data":{"target":{"uri":"file:/Users/mloyzer/workspace/personal/search-as-you-type/project/project/#search-as-you-type-build-build/Compile"}}})
[debug] jsonRpcNotify: JsonRpcNotificationMessage(2.0, build/taskFinish, {"taskId":{"id":"6","parents":[]},"eventTime":1745208847966,"message":"Compiled search-as-you-type-build-build","status":1,"dataKind":"compile-report","data":{"target":{"uri":"file:/Users/mloyzer/workspace/personal/search-as-you-type/project/project/#search-as-you-type-build-build/Compile"},"errors":0,"warnings":0,"time":4}})
[debug] jsonRpcNotify: JsonRpcNotificationMessage(2.0, build/taskFinish, {"taskId":{"id":"6","parents":[]},"eventTime":1745208847966,"message":"Compiled search-as-you-type-build-build","status":1,"dataKind":"compile-report","data":{"target":{"uri":"file:/Users/mloyzer/workspace/personal/search-as-you-type/project/project/#search-as-you-type-build-build/Compile"},"errors":0,"warnings":0,"time":4}})
[debug]           Load.loadUnit: plugins took 80.637167ms
[debug]           Load.loadUnit: defsScala took 0.001083ms
[debug] [Loading] Scanning directory /Users/mloyzer/workspace/personal/search-as-you-type/project
[debug]             Load.loadUnit: mkEval took 0.079167ms
[debug] [Loading] Found non-root projects 
[debug] [Loading] Done in /Users/mloyzer/workspace/personal/search-as-you-type/project, returning: ()
[debug] deducing auto plugins based on known facts Set(Atom(sbt.plugins.CorePlugin)) and clauses Clauses(Clause(Atom(sbt.plugins.JvmPlugin),Set(Atom(sbt.plugins.IvyPlugin)))
[debug] Clause(Atom(sbt.ScriptedPlugin),Set(Atom(sbt.plugins.JvmPlugin)))
[debug] Clause(Atom(sbt.plugins.SbtPlugin),Set(Atom(sbt.ScriptedPlugin)))
[debug] Clause(Atom(sbt.plugins.SemanticdbPlugin),Set(Atom(sbt.plugins.JvmPlugin)))
[debug] Clause(Atom(sbt.plugins.JUnitXmlReportPlugin),Set(Atom(sbt.plugins.JvmPlugin)))
[debug] Clause(Atom(sbt.plugins.MiniDependencyTreePlugin),Set(Atom(sbt.plugins.JvmPlugin)))
[debug] Clause(Atom(metals.MetalsPlugin),Set(Atom(sbt.plugins.SemanticdbPlugin)))
[debug] Clause(Atom(org.scaladebugger.SbtJdiTools),Set(Atom(sbt.plugins.JvmPlugin)))
[debug] Clause(Atom(sbt.plugins.CorePlugin),Set(Atom(sbt.plugins.IvyPlugin)))
[debug] Clause(Atom(sbt.plugins.IvyPlugin),Set(Atom(sbt.plugins.JvmPlugin)))
[debug] Clause(Atom(sbt.plugins.JvmPlugin),Set(Atom(sbt.plugins.SemanticdbPlugin)))
[debug] Clause(Atom(sbt.plugins.JvmPlugin),Set(Atom(sbt.plugins.JUnitXmlReportPlugin)))
[debug] Clause(Atom(sbt.plugins.CorePlugin),Set(Atom(sbt.plugins.Giter8TemplatePlugin)))
[debug] Clause(Atom(sbt.plugins.JvmPlugin),Set(Atom(sbt.plugins.MiniDependencyTreePlugin)))
[debug] Clause(Atom(sbt.plugins.SemanticdbPlugin),Set(Atom(metals.MetalsPlugin)))
[debug] Clause(Atom(sbt.plugins.JvmPlugin),Set(Atom(org.scaladebugger.SbtJdiTools))))
[debug]   :: deduced result: Matched(sbt.plugins.CorePlugin,sbt.plugins.Giter8TemplatePlugin,sbt.plugins.IvyPlugin,sbt.plugins.JvmPlugin,org.scaladebugger.SbtJdiTools,sbt.plugins.MiniDependencyTreePlugin,sbt.plugins.JUnitXmlReportPlugin,sbt.plugins.SemanticdbPlugin,metals.MetalsPlugin)
[debug] Plugins.deducer#function took 0.498291 ms
[info] loading settings for project search-as-you-type-build from metals.sbt ...
[debug]               Load.resolveProject(search-as-you-type-build) took 1.947542ms
[debug]             Load.loadTransitive: finalizeProject(Project(id search-as-you-type-build, base: /Users/mloyzer/workspace/personal/search-as-you-type/project, plugins: List(<none>))) took 2.638292ms
[debug] [Loading] Done in /Users/mloyzer/workspace/personal/search-as-you-type/project, returning: (search-as-you-type-build)
[debug]           Load.loadUnit: loadedProjectsRaw took 12.7375ms
[debug]           Load.loadUnit: cleanEvalClasses took 0.514208ms
[debug]         Load.loadUnit(file:/Users/mloyzer/workspace/personal/search-as-you-type/project/, ...) took 94.062458ms
[debug]       Load.apply: load took 94.325459ms
[debug]       Load.apply: resolveProjects took 0.061333ms
[debug]       Load.apply: finalTransforms took 2.907166ms
[debug]       Load.apply: config.delegates took 0.114208ms
[debug]       Load.apply: Def.make(settings)... took 25.955375ms
[debug]       Load.apply: structureIndex took 6.422375ms
[debug]       Load.apply: mkStreams took 0.0015ms
[info] loading project definition from /Users/mloyzer/workspace/personal/search-as-you-type/project
[debug] Running task... Cancel: Signal, check cycles: false, forcegc: true
[debug] jsonRpcNotify: JsonRpcNotificationMessage(2.0, build/taskStart, {"taskId":{"id":"7","parents":[]},"eventTime":1745208848069,"message":"Compiling search-as-you-type-build","dataKind":"compile-task","data":{"target":{"uri":"file:/Users/mloyzer/workspace/personal/search-as-you-type/project/#search-as-you-type-build/Compile"}}})
[debug] jsonRpcNotify: JsonRpcNotificationMessage(2.0, build/taskStart, {"taskId":{"id":"7","parents":[]},"eventTime":1745208848069,"message":"Compiling search-as-you-type-build","dataKind":"compile-task","data":{"target":{"uri":"file:/Users/mloyzer/workspace/personal/search-as-you-type/project/#search-as-you-type-build/Compile"}}})
[debug] jsonRpcNotify: JsonRpcNotificationMessage(2.0, build/taskFinish, {"taskId":{"id":"7","parents":[]},"eventTime":1745208848072,"message":"Compiled search-as-you-type-build","status":1,"dataKind":"compile-report","data":{"target":{"uri":"file:/Users/mloyzer/workspace/personal/search-as-you-type/project/#search-as-you-type-build/Compile"},"errors":0,"warnings":0,"time":3}})
[debug] jsonRpcNotify: JsonRpcNotificationMessage(2.0, build/taskFinish, {"taskId":{"id":"7","parents":[]},"eventTime":1745208848072,"message":"Compiled search-as-you-type-build","status":1,"dataKind":"compile-report","data":{"target":{"uri":"file:/Users/mloyzer/workspace/personal/search-as-you-type/project/#search-as-you-type-build/Compile"},"errors":0,"warnings":0,"time":3}})
[debug]     Load.loadUnit: plugins took 203.500958ms
[debug]     Load.loadUnit: defsScala took 0.00125ms
[debug] [Loading] Scanning directory /Users/mloyzer/workspace/personal/search-as-you-type
[debug]       Load.loadUnit: mkEval took 0.066458ms
[debug] [Loading] Found non-root projects server
[debug] [Loading] Loading project server @ /Users/mloyzer/workspace/personal/search-as-you-type/server
[debug] deducing auto plugins based on known facts Set(Atom(sbt.plugins.CorePlugin)) and clauses Clauses(Clause(Atom(sbt.plugins.JvmPlugin),Set(Atom(sbt.plugins.IvyPlugin)))
[debug] Clause(Atom(sbt.ScriptedPlugin),Set(Atom(sbt.plugins.JvmPlugin)))
[debug] Clause(Atom(sbt.plugins.SbtPlugin),Set(Atom(sbt.ScriptedPlugin)))
[debug] Clause(Atom(sbt.plugins.SemanticdbPlugin),Set(Atom(sbt.plugins.JvmPlugin)))
[debug] Clause(Atom(sbt.plugins.JUnitXmlReportPlugin),Set(Atom(sbt.plugins.JvmPlugin)))
[debug] Clause(Atom(sbt.plugins.MiniDependencyTreePlugin),Set(Atom(sbt.plugins.JvmPlugin)))
[debug] Clause(Atom(metals.MetalsPlugin),Set(Atom(sbt.plugins.SemanticdbPlugin)))
[debug] Clause(Atom(ch.epfl.scala.debugadapter.sbtplugin.DebugAdapterPlugin),Set(Atom(sbt.plugins.JvmPlugin)))
[debug] Clause(Atom(sbt.plugins.CorePlugin),Set(Atom(sbt.plugins.IvyPlugin)))
[debug] Clause(Atom(sbt.plugins.IvyPlugin),Set(Atom(sbt.plugins.JvmPlugin)))
[debug] Clause(Atom(sbt.plugins.JvmPlugin),Set(Atom(sbt.plugins.SemanticdbPlugin)))
[debug] Clause(Atom(sbt.plugins.JvmPlugin),Set(Atom(sbt.plugins.JUnitXmlReportPlugin)))
[debug] Clause(Atom(sbt.plugins.CorePlugin),Set(Atom(sbt.plugins.Giter8TemplatePlugin)))
[debug] Clause(Atom(sbt.plugins.JvmPlugin),Set(Atom(sbt.plugins.MiniDependencyTreePlugin)))
[debug] Clause(Atom(sbt.plugins.SemanticdbPlugin),Set(Atom(metals.MetalsPlugin)))
[debug] Clause(Atom(sbt.plugins.JvmPlugin),Set(Atom(ch.epfl.scala.debugadapter.sbtplugin.DebugAdapterPlugin))))
[debug]   :: deduced result: Matched(sbt.plugins.CorePlugin,sbt.plugins.Giter8TemplatePlugin,sbt.plugins.IvyPlugin,sbt.plugins.JvmPlugin,ch.epfl.scala.debugadapter.sbtplugin.DebugAdapterPlugin,sbt.plugins.MiniDependencyTreePlugin,sbt.plugins.JUnitXmlReportPlugin,sbt.plugins.SemanticdbPlugin,metals.MetalsPlugin)
[debug] Plugins.deducer#function took 0.484709 ms
[debug]       Load.resolveProject(server) took 12.515292ms
[debug] [Loading] Done in /Users/mloyzer/workspace/personal/search-as-you-type, returning: (server)
[debug] deducing auto plugins based on known facts Set(Atom(sbt.plugins.CorePlugin)) and clauses Clauses(Clause(Atom(sbt.plugins.JvmPlugin),Set(Atom(sbt.plugins.IvyPlugin)))
[debug] Clause(Atom(sbt.ScriptedPlugin),Set(Atom(sbt.plugins.JvmPlugin)))
[debug] Clause(Atom(sbt.plugins.SbtPlugin),Set(Atom(sbt.ScriptedPlugin)))
[debug] Clause(Atom(sbt.plugins.SemanticdbPlugin),Set(Atom(sbt.plugins.JvmPlugin)))
[debug] Clause(Atom(sbt.plugins.JUnitXmlReportPlugin),Set(Atom(sbt.plugins.JvmPlugin)))
[debug] Clause(Atom(sbt.plugins.MiniDependencyTreePlugin),Set(Atom(sbt.plugins.JvmPlugin)))
[debug] Clause(Atom(metals.MetalsPlugin),Set(Atom(sbt.plugins.SemanticdbPlugin)))
[debug] Clause(Atom(ch.epfl.scala.debugadapter.sbtplugin.DebugAdapterPlugin),Set(Atom(sbt.plugins.JvmPlugin)))
[debug] Clause(Atom(sbt.plugins.CorePlugin),Set(Atom(sbt.plugins.IvyPlugin)))
[debug] Clause(Atom(sbt.plugins.IvyPlugin),Set(Atom(sbt.plugins.JvmPlugin)))
[debug] Clause(Atom(sbt.plugins.JvmPlugin),Set(Atom(sbt.plugins.SemanticdbPlugin)))
[debug] Clause(Atom(sbt.plugins.JvmPlugin),Set(Atom(sbt.plugins.JUnitXmlReportPlugin)))
[debug] Clause(Atom(sbt.plugins.CorePlugin),Set(Atom(sbt.plugins.Giter8TemplatePlugin)))
[debug] Clause(Atom(sbt.plugins.JvmPlugin),Set(Atom(sbt.plugins.MiniDependencyTreePlugin)))
[debug] Clause(Atom(sbt.plugins.SemanticdbPlugin),Set(Atom(metals.MetalsPlugin)))
[debug] Clause(Atom(sbt.plugins.JvmPlugin),Set(Atom(ch.epfl.scala.debugadapter.sbtplugin.DebugAdapterPlugin))))
[debug]   :: deduced result: Matched(sbt.plugins.CorePlugin,sbt.plugins.Giter8TemplatePlugin,sbt.plugins.IvyPlugin,sbt.plugins.JvmPlugin,ch.epfl.scala.debugadapter.sbtplugin.DebugAdapterPlugin,sbt.plugins.MiniDependencyTreePlugin,sbt.plugins.JUnitXmlReportPlugin,sbt.plugins.SemanticdbPlugin,metals.MetalsPlugin)
[debug] Plugins.deducer#function took 0.446708 ms
[debug] jsonRpcRequest: JsonRpcRequestMessage(2.0, d87bdc13-405d-46e9-a1c1-592aad3db3ea, sbt/terminalPropertiesQuery, ""})
[info] loading settings for project search-as-you-type from build.sbt ...
[debug]         Load.resolveProject(search-as-you-type) took 0.697958ms
[debug]       Load.loadTransitive: finalizeProject(Project(id search-as-you-type, base: /Users/mloyzer/workspace/personal/search-as-you-type, aggregate: List(ProjectRef(file:/Users/mloyzer/workspace/personal/search-as-you-type/,server)), plugins: List(<none>))) took 1.271084ms
[debug] [Loading] Done in /Users/mloyzer/workspace/personal/search-as-you-type, returning: (search-as-you-type, server)
[debug]     Load.loadUnit: loadedProjectsRaw took 775.617166ms
[debug]     Load.loadUnit: cleanEvalClasses took 1.748584ms
[debug]   Load.loadUnit(file:/Users/mloyzer/workspace/personal/search-as-you-type/, ...) took 981.052125ms
[debug] Load.apply: load took 981.522291ms
[debug] Load.apply: resolveProjects took 0.07425ms
[debug] Load.apply: finalTransforms took 4.178ms
[debug] Load.apply: config.delegates took 0.137333ms
[debug] Load.apply: Def.make(settings)... took 63.708667ms
[debug] Load.apply: structureIndex took 12.1205ms
[debug] Load.apply: mkStreams took 0.001584ms
[info] set current project to search-as-you-type (in build file:/Users/mloyzer/workspace/personal/search-as-you-type/)
[debug] unmatched Done event for requestId None: None
[debug] > Exec(sbtPopOnFailure, None, Some(CommandSource(network-2)))
[debug] unmatched Processing event for requestId None: None
[debug] unmatched Done event for requestId None: None
[debug] > Exec(resumeFromFailure, None, Some(CommandSource(network-2)))
[debug] unmatched Processing event for requestId None: None
[debug] unmatched Done event for requestId None: None
[debug] > Exec(sbtCompleteExec 43480502-f372-4c96-b831-cbfefaa12b86, None, None)
[debug] > Exec(resumeFromFailure, None, None)
[debug] > Exec(sbtPopOnFailure, None, None)
[debug] > Exec(sbtReportResult 43480502-f372-4c96-b831-cbfefaa12b86, Some(43480502-f372-4c96-b831-cbfefaa12b86), Some(CommandSource(network-2)))
[debug] unmatched Processing event for requestId Some(43480502-f372-4c96-b831-cbfefaa12b86): None
[debug] unmatched json response for requestId Some(43480502-f372-4c96-b831-cbfefaa12b86): {"status":"Done","channelName":"network-2","execId":"43480502-f372-4c96-b831-cbfefaa12b86","commandQueue":["shell"],"exitCode":0}
[debug] > Exec(shell, None, None)
[debug] jsonRpcRequest: JsonRpcRequestMessage(2.0, 428e138e-8067-40a8-9d5d-1723f04dcaba, sbt/terminalCapabilities, {"numeric":"max_colors"}})
[debug] jsonRpcRequest: JsonRpcRequestMessage(2.0, 69a05a10-d0ee-46ac-8f9b-45d71e7cdb42, sbt/terminalCapabilities, {"string":"key_a1"}})
[debug] jsonRpcRequest: JsonRpcRequestMessage(2.0, 512ed08f-5d4d-4f0b-bee0-253e3c4bfc31, sbt/terminalCapabilities, {"string":"key_a3"}})
[debug] jsonRpcRequest: JsonRpcRequestMessage(2.0, a7f3a494-d98c-49fa-a679-41ff68de01db, sbt/terminalCapabilities, {"string":"key_b2"}})
[debug] jsonRpcRequest: JsonRpcRequestMessage(2.0, 3ce934c2-539d-4a29-8155-acb41fedc1bc, sbt/terminalCapabilities, {"string":"key_backspace"}})
[debug] jsonRpcRequest: JsonRpcRequestMessage(2.0, a0fa4cdc-7c93-4032-96f9-3463bc40ad18, sbt/terminalCapabilities, {"string":"key_beg"}})
[debug] jsonRpcRequest: JsonRpcRequestMessage(2.0, da8265bd-2d8f-4715-99af-aba684e34aea, sbt/terminalCapabilities, {"string":"key_btab"}})
[debug] jsonRpcRequest: JsonRpcRequestMessage(2.0, d4f474cc-242f-4304-abe4-1de897ede1ab, sbt/terminalCapabilities, {"string":"key_c1"}})
[debug] jsonRpcRequest: JsonRpcRequestMessage(2.0, 1acbc3c1-30c4-4757-9ac0-4e4b9454b474, sbt/terminalCapabilities, {"string":"key_c3"}})
[debug] jsonRpcRequest: JsonRpcRequestMessage(2.0, 85fb9955-00db-4f40-838e-69a7e89ff53a, sbt/terminalCapabilities, {"string":"key_cancel"}})
[debug] jsonRpcRequest: JsonRpcRequestMessage(2.0, 2eebc17c-2e1f-43bb-9a6a-00c5accf9afa, sbt/terminalCapabilities, {"string":"key_catab"}})
[debug] jsonRpcRequest: JsonRpcRequestMessage(2.0, dba4333a-dca1-4ab7-9e4d-5c8261642a65, sbt/terminalCapabilities, {"string":"key_clear"}})
[debug] jsonRpcRequest: JsonRpcRequestMessage(2.0, 1672b0d6-9cfd-43fa-b1dc-aed70697fae5, sbt/terminalCapabilities, {"string":"key_close"}})
[debug] jsonRpcRequest: JsonRpcRequestMessage(2.0, a48651b2-c300-4938-a5ab-84e6080bdae7, sbt/terminalCapabilities, {"string":"key_command"}})
[debug] jsonRpcRequest: JsonRpcRequestMessage(2.0, c3f4c8b6-ac95-4e7e-b7d0-ffb40bbbe576, sbt/terminalCapabilities, {"string":"key_copy"}})
[debug] jsonRpcRequest: JsonRpcRequestMessage(2.0, 366efeee-a6ef-4a80-9aef-13957197ed8c, sbt/terminalCapabilities, {"string":"key_create"}})
[debug] jsonRpcRequest: JsonRpcRequestMessage(2.0, 9fb7f815-f126-46f5-8185-a1be98d361cd, sbt/terminalCapabilities, {"string":"key_ctab"}})
[debug] jsonRpcRequest: JsonRpcRequestMessage(2.0, 6aae082a-2d07-4c5f-aa5b-1211f17454c5, sbt/terminalCapabilities, {"string":"key_dc"}})
[debug] jsonRpcRequest: JsonRpcRequestMessage(2.0, 9526a679-0d5f-4c0a-b23f-8494bf56e28e, sbt/terminalCapabilities, {"string":"key_dl"}})
[debug] jsonRpcRequest: JsonRpcRequestMessage(2.0, bab4a8ba-d199-4536-a188-448d4ca8d40b, sbt/terminalCapabilities, {"string":"key_down"}})
[debug] jsonRpcRequest: JsonRpcRequestMessage(2.0, 3ba19846-d042-47ff-82ce-adc582213fcd, sbt/terminalCapabilities, {"string":"key_eic"}})
[debug] jsonRpcRequest: JsonRpcRequestMessage(2.0, 379160a5-f131-4a38-bdd5-4432e016c6bb, sbt/terminalCapabilities, {"string":"key_end"}})
[debug] jsonRpcRequest: JsonRpcRequestMessage(2.0, f7088424-4573-4137-b69a-cd1b9522806e, sbt/terminalCapabilities, {"string":"key_enter"}})
[debug] jsonRpcRequest: JsonRpcRequestMessage(2.0, fe41e239-2450-4262-9981-544b1c7614a9, sbt/terminalCapabilities, {"string":"key_eol"}})
[debug] jsonRpcRequest: JsonRpcRequestMessage(2.0, 47b5e9bf-0125-479d-bbb4-666920948a1c, sbt/terminalCapabilities, {"string":"key_eos"}})
[debug] jsonRpcRequest: JsonRpcRequestMessage(2.0, 486a4ad5-f1a9-4758-b994-94fdb25ced5e, sbt/terminalCapabilities, {"string":"key_exit"}})
[debug] jsonRpcRequest: JsonRpcRequestMessage(2.0, d7d20e6d-cad6-4549-8bf0-bc07b4f4ff20, sbt/terminalCapabilities, {"string":"key_f0"}})
[debug] jsonRpcRequest: JsonRpcRequestMessage(2.0, bd44e3e1-308c-490b-9129-5e0aa8671bab, sbt/terminalCapabilities, {"string":"key_f1"}})
[debug] jsonRpcRequest: JsonRpcRequestMessage(2.0, 4053cd81-0353-4282-a051-d47a463c5e3c, sbt/terminalCapabilities, {"string":"key_f10"}})
[debug] jsonRpcRequest: JsonRpcRequestMessage(2.0, 123ffcb3-ded4-4b00-91e2-dd9cf781e7a5, sbt/terminalCapabilities, {"string":"key_f11"}})
[debug] jsonRpcRequest: JsonRpcRequestMessage(2.0, d29b54ae-8994-4ac9-b5e7-7a542d5342b9, sbt/terminalCapabilities, {"string":"key_f12"}})
[debug] jsonRpcRequest: JsonRpcRequestMessage(2.0, 8dbddd8f-5c96-462e-90ea-156a9889923f, sbt/terminalCapabilities, {"string":"key_f13"}})
[debug] jsonRpcRequest: JsonRpcRequestMessage(2.0, ed392aea-b877-4aed-965d-821c103b1e23, sbt/terminalCapabilities, {"string":"key_f14"}})
[debug] jsonRpcRequest: JsonRpcRequestMessage(2.0, 10dff969-867b-47e8-9eba-7737c9586ae8, sbt/terminalCapabilities, {"string":"key_f15"}})
[debug] jsonRpcRequest: JsonRpcRequestMessage(2.0, 75a5bfc4-1188-4799-8e93-46d58e55fdf4, sbt/terminalCapabilities, {"string":"key_f16"}})
[debug] jsonRpcRequest: JsonRpcRequestMessage(2.0, 726909fa-6a6d-443d-9cba-3ffd63f09ed2, sbt/terminalCapabilities, {"string":"key_f17"}})
[debug] jsonRpcRequest: JsonRpcRequestMessage(2.0, 2cba495e-5ac6-4b55-ab22-a8d48059784d, sbt/terminalCapabilities, {"string":"key_f18"}})
[debug] jsonRpcRequest: JsonRpcRequestMessage(2.0, 145ab097-f81a-450a-9e93-f86d6a711bd3, sbt/terminalCapabilities, {"string":"key_f19"}})
[debug] jsonRpcRequest: JsonRpcRequestMessage(2.0, 4ea05582-2ca8-42f4-9d9d-2e6e90788358, sbt/terminalCapabilities, {"string":"key_f2"}})
[debug] jsonRpcRequest: JsonRpcRequestMessage(2.0, 34fda51c-d188-4f09-a36f-6abb1ff17429, sbt/terminalCapabilities, {"string":"key_f20"}})
[debug] jsonRpcRequest: JsonRpcRequestMessage(2.0, bc3434fa-776a-4a75-ae44-fc289be4097a, sbt/terminalCapabilities, {"string":"key_f21"}})
[debug] jsonRpcRequest: JsonRpcRequestMessage(2.0, 164ad508-8f65-4c30-8c3a-a8cbca51a9a9, sbt/terminalCapabilities, {"string":"key_f22"}})
[debug] jsonRpcRequest: JsonRpcRequestMessage(2.0, 3b63bf88-3460-44df-a459-e3ab7e27e458, sbt/terminalCapabilities, {"string":"key_f23"}})
[debug] jsonRpcRequest: JsonRpcRequestMessage(2.0, 9e45820e-2564-48f6-beb8-1ab64267b231, sbt/terminalCapabilities, {"string":"key_f24"}})
[debug] jsonRpcRequest: JsonRpcRequestMessage(2.0, 3fae93fe-e6f6-44d8-b266-f6149f83b6ec, sbt/terminalCapabilities, {"string":"key_f25"}})
[debug] jsonRpcRequest: JsonRpcRequestMessage(2.0, 97dea150-01c4-4362-be94-829b27ba684b, sbt/terminalCapabilities, {"string":"key_f26"}})
[debug] jsonRpcRequest: JsonRpcRequestMessage(2.0, 034fa6fc-da59-42dc-a310-f3e04feeacf6, sbt/terminalCapabilities, {"string":"key_f27"}})
[debug] jsonRpcRequest: JsonRpcRequestMessage(2.0, abbd1b8c-726d-494c-8adc-e8df263ef60e, sbt/terminalCapabilities, {"string":"key_f28"}})
[debug] jsonRpcRequest: JsonRpcRequestMessage(2.0, 8f9cb450-b544-493a-aded-5c391ff5ff75, sbt/terminalCapabilities, {"string":"key_f29"}})
[debug] jsonRpcRequest: JsonRpcRequestMessage(2.0, c44fee59-5e88-47a7-9f30-15aa011f216c, sbt/terminalCapabilities, {"string":"key_f3"}})
[debug] jsonRpcRequest: JsonRpcRequestMessage(2.0, 62ddd533-3a77-4409-9942-27554f8321aa, sbt/terminalCapabilities, {"string":"key_f30"}})
[debug] jsonRpcRequest: JsonRpcRequestMessage(2.0, 2b6816c9-c881-4e40-8912-daea4d8eb0a2, sbt/terminalCapabilities, {"string":"key_f31"}})
[debug] jsonRpcRequest: JsonRpcRequestMessage(2.0, 16a5a8df-7068-43de-9098-b10c78251350, sbt/terminalCapabilities, {"string":"key_f32"}})
[debug] jsonRpcRequest: JsonRpcRequestMessage(2.0, a324fbfe-9fc7-49dc-8a87-ed24e7d1fa2b, sbt/terminalCapabilities, {"string":"key_f33"}})
[debug] jsonRpcRequest: JsonRpcRequestMessage(2.0, 253f9cd0-267b-4c3f-a1c1-f792ee814116, sbt/terminalCapabilities, {"string":"key_f34"}})
[debug] jsonRpcRequest: JsonRpcRequestMessage(2.0, f890cfba-47ea-4a12-a737-f3cbf65bf4f5, sbt/terminalCapabilities, {"string":"key_f35"}})
[debug] jsonRpcRequest: JsonRpcRequestMessage(2.0, 7e345d14-e4fa-4a1a-8ebc-b53dbc5e1803, sbt/terminalCapabilities, {"string":"key_f36"}})
[debug] jsonRpcRequest: JsonRpcRequestMessage(2.0, 3fb61952-5ff2-48b4-85e4-b011e76a1cc1, sbt/terminalCapabilities, {"string":"key_f37"}})
[debug] jsonRpcRequest: JsonRpcRequestMessage(2.0, d4f6031a-dde2-4fc4-8c0d-bf70be203268, sbt/terminalCapabilities, {"string":"key_f38"}})
[debug] jsonRpcRequest: JsonRpcRequestMessage(2.0, 8bf28ec2-0f8f-49ae-81d1-2ad74a0b412e, sbt/terminalCapabilities, {"string":"key_f39"}})
[debug] jsonRpcRequest: JsonRpcRequestMessage(2.0, 983d6c18-662e-4a75-abf9-386e35ae545e, sbt/terminalCapabilities, {"string":"key_f4"}})
[debug] jsonRpcRequest: JsonRpcRequestMessage(2.0, 570fdf5c-c672-4bfc-b3ed-08f2485b64ab, sbt/terminalCapabilities, {"string":"key_f40"}})
[debug] jsonRpcRequest: JsonRpcRequestMessage(2.0, dd7bbdca-145c-4bbb-a244-efeb9dbdd79b, sbt/terminalCapabilities, {"string":"key_f41"}})
[debug] jsonRpcRequest: JsonRpcRequestMessage(2.0, 5ae42570-22b9-4591-ab32-4fcd7e462f5d, sbt/terminalCapabilities, {"string":"key_f42"}})
[debug] jsonRpcRequest: JsonRpcRequestMessage(2.0, 02e975e9-1a34-44dc-9988-f43be71e7d9b, sbt/terminalCapabilities, {"string":"key_f43"}})
[debug] jsonRpcRequest: JsonRpcRequestMessage(2.0, 703fe7e0-47f7-47cb-913d-3dc6436b9b5d, sbt/terminalCapabilities, {"string":"key_f44"}})
[debug] jsonRpcRequest: JsonRpcRequestMessage(2.0, 9cc4135c-98fd-43e3-9ce4-657200b80814, sbt/terminalCapabilities, {"string":"key_f45"}})
[debug] jsonRpcRequest: JsonRpcRequestMessage(2.0, 8ab33922-9528-449c-a140-20f5b324cd22, sbt/terminalCapabilities, {"string":"key_f46"}})
[debug] jsonRpcRequest: JsonRpcRequestMessage(2.0, e16d45b7-6072-4d73-a6f1-584f2517405b, sbt/terminalCapabilities, {"string":"key_f47"}})
[debug] jsonRpcRequest: JsonRpcRequestMessage(2.0, 4ee8583e-e230-48cc-82a6-04c38b024a56, sbt/terminalCapabilities, {"string":"key_f48"}})
[debug] jsonRpcRequest: JsonRpcRequestMessage(2.0, 2d93988e-a957-41a4-b79a-f50262b3c37b, sbt/terminalCapabilities, {"string":"key_f49"}})
[debug] jsonRpcRequest: JsonRpcRequestMessage(2.0, 3f2994a1-a88c-4688-b5f4-47831475ba67, sbt/terminalCapabilities, {"string":"key_f5"}})
[debug] jsonRpcRequest: JsonRpcRequestMessage(2.0, b5521d77-6d19-4903-baf6-802ed444fc00, sbt/terminalCapabilities, {"string":"key_f50"}})
[debug] jsonRpcRequest: JsonRpcRequestMessage(2.0, 14deef6e-7085-4e6c-a38e-4c91c7df8393, sbt/terminalCapabilities, {"string":"key_f51"}})
[debug] jsonRpcRequest: JsonRpcRequestMessage(2.0, e34db6d1-6bd8-40bf-ae48-899174ea0507, sbt/terminalCapabilities, {"string":"key_f52"}})
[debug] jsonRpcRequest: JsonRpcRequestMessage(2.0, 06c9b055-be63-448e-ae0a-8b1d80419204, sbt/terminalCapabilities, {"string":"key_f53"}})
[debug] jsonRpcRequest: JsonRpcRequestMessage(2.0, 395fab5e-affd-4efd-b2fe-115ccc461df2, sbt/terminalCapabilities, {"string":"key_f54"}})
[debug] jsonRpcRequest: JsonRpcRequestMessage(2.0, fc4420e6-aedc-423f-83a9-a4a9cfe9662b, sbt/terminalCapabilities, {"string":"key_f55"}})
[debug] jsonRpcRequest: JsonRpcRequestMessage(2.0, f909d463-a646-4651-a921-b8a0356723d4, sbt/terminalCapabilities, {"string":"key_f56"}})
[debug] jsonRpcRequest: JsonRpcRequestMessage(2.0, cca750d2-68a4-4a3b-8ad7-61533195c3e7, sbt/terminalCapabilities, {"string":"key_f57"}})
[debug] jsonRpcRequest: JsonRpcRequestMessage(2.0, cc20fed6-e0d2-48ad-99e1-b340f3142e47, sbt/terminalCapabilities, {"string":"key_f58"}})
[debug] jsonRpcRequest: JsonRpcRequestMessage(2.0, ee1f4f82-12cf-4a7a-9fec-52b2de911807, sbt/terminalCapabilities, {"string":"key_f59"}})
[debug] jsonRpcRequest: JsonRpcRequestMessage(2.0, f0048616-40cb-4b5b-b12a-0cb1ad9ec8ee, sbt/terminalCapabilities, {"string":"key_f6"}})
[debug] jsonRpcRequest: JsonRpcRequestMessage(2.0, 1addab56-df72-4a07-b05c-54a436e66c03, sbt/terminalCapabilities, {"string":"key_f60"}})
[debug] jsonRpcRequest: JsonRpcRequestMessage(2.0, 7e0b613c-1117-4786-8c2d-f27fc9354399, sbt/terminalCapabilities, {"string":"key_f61"}})
[debug] jsonRpcRequest: JsonRpcRequestMessage(2.0, f5bb81b7-57db-4776-a8c0-833ef0f2cf6a, sbt/terminalCapabilities, {"string":"key_f62"}})
[debug] jsonRpcRequest: JsonRpcRequestMessage(2.0, 0d3a7db6-71cc-4e14-88e1-fa8f64417499, sbt/terminalCapabilities, {"string":"key_f63"}})
[debug] jsonRpcRequest: JsonRpcRequestMessage(2.0, 99576cb6-b006-418c-bb96-14dbf2de7d03, sbt/terminalCapabilities, {"string":"key_f7"}})
[debug] jsonRpcRequest: JsonRpcRequestMessage(2.0, 2e0f36d3-c88d-428b-87d5-bb1eb6f76f5e, sbt/terminalCapabilities, {"string":"key_f8"}})
[debug] jsonRpcRequest: JsonRpcRequestMessage(2.0, cadf0496-7f45-43f0-a094-cdcf8d99ec27, sbt/terminalCapabilities, {"string":"key_f9"}})
[debug] jsonRpcRequest: JsonRpcRequestMessage(2.0, 5fcda97a-d34b-4f53-82c5-6ee3f950b5ce, sbt/terminalCapabilities, {"string":"key_find"}})
[debug] jsonRpcRequest: JsonRpcRequestMessage(2.0, 66bcfafd-d4fe-46f5-9968-54252b9a4fbb, sbt/terminalCapabilities, {"string":"key_help"}})
[debug] jsonRpcRequest: JsonRpcRequestMessage(2.0, bcd54f54-5883-4783-80b7-c2da8d4c623e, sbt/terminalCapabilities, {"string":"key_home"}})
[debug] jsonRpcRequest: JsonRpcRequestMessage(2.0, 54141814-3139-4b86-ab18-658733cf7300, sbt/terminalCapabilities, {"string":"key_ic"}})
[debug] jsonRpcRequest: JsonRpcRequestMessage(2.0, 07ac1db6-d9a0-4c25-9c0a-938f3d147542, sbt/terminalCapabilities, {"string":"key_il"}})
[debug] jsonRpcRequest: JsonRpcRequestMessage(2.0, 4c8b278a-a68a-4ab9-b752-28f1b2ff76de, sbt/terminalCapabilities, {"string":"key_left"}})
[debug] jsonRpcRequest: JsonRpcRequestMessage(2.0, cd8e0832-4d77-4e1d-b626-7ca3ae9b308e, sbt/terminalCapabilities, {"string":"key_ll"}})
[debug] jsonRpcRequest: JsonRpcRequestMessage(2.0, f3160e7b-cc97-42ed-8bd8-3c622d752521, sbt/terminalCapabilities, {"string":"key_mark"}})
[debug] jsonRpcRequest: JsonRpcRequestMessage(2.0, f8396054-bfe1-4d72-9b32-103295c592fa, sbt/terminalCapabilities, {"string":"key_message"}})
[debug] jsonRpcRequest: JsonRpcRequestMessage(2.0, 2c7dea3e-3fad-4ba2-9d0d-0a2ceaf5a622, sbt/terminalCapabilities, {"string":"key_move"}})
[debug] jsonRpcRequest: JsonRpcRequestMessage(2.0, 3ba92401-2402-46fd-b7d3-8b455ec9845c, sbt/terminalCapabilities, {"string":"key_next"}})
[debug] jsonRpcRequest: JsonRpcRequestMessage(2.0, c650aa3e-e8e8-45eb-bcba-60dc891d961b, sbt/terminalCapabilities, {"string":"key_npage"}})
[debug] jsonRpcRequest: JsonRpcRequestMessage(2.0, 20238b4b-e146-4b99-8cf4-e1b0f795eb73, sbt/terminalCapabilities, {"string":"key_open"}})
[debug] jsonRpcRequest: JsonRpcRequestMessage(2.0, 2bfb6054-aeb0-41b9-9024-1aafdf40fe2b, sbt/terminalCapabilities, {"string":"key_options"}})
[debug] jsonRpcRequest: JsonRpcRequestMessage(2.0, 271fc017-56a0-410b-81b1-7cf00adb5dbf, sbt/terminalCapabilities, {"string":"key_ppage"}})
[debug] jsonRpcRequest: JsonRpcRequestMessage(2.0, fe95336e-fc0a-43cb-b406-32bd1aa7ff3d, sbt/terminalCapabilities, {"string":"key_previous"}})
[debug] jsonRpcRequest: JsonRpcRequestMessage(2.0, 42d75306-829b-41be-90f4-12ae74b852a5, sbt/terminalCapabilities, {"string":"key_print"}})
[debug] jsonRpcRequest: JsonRpcRequestMessage(2.0, 5fc15ba0-d7f9-48f8-83ac-2b0c448a9715, sbt/terminalCapabilities, {"string":"key_redo"}})
[debug] jsonRpcRequest: JsonRpcRequestMessage(2.0, a12f06b2-5dea-4a02-bedc-84f4d89e5431, sbt/terminalCapabilities, {"string":"key_reference"}})
[debug] jsonRpcRequest: JsonRpcRequestMessage(2.0, e47f3d4c-6001-4482-9ae2-defd4133c439, sbt/terminalCapabilities, {"string":"key_refresh"}})
[debug] jsonRpcRequest: JsonRpcRequestMessage(2.0, cb444bcb-c148-4c49-b788-226799d1cc30, sbt/terminalCapabilities, {"string":"key_replace"}})
[debug] jsonRpcRequest: JsonRpcRequestMessage(2.0, da0beb8d-cd76-4705-a28b-5e8cb180d08c, sbt/terminalCapabilities, {"string":"key_restart"}})
[debug] jsonRpcRequest: JsonRpcRequestMessage(2.0, 6b2309e5-9a07-4af7-9795-e93c4a2dea11, sbt/terminalCapabilities, {"string":"key_resume"}})
[debug] jsonRpcRequest: JsonRpcRequestMessage(2.0, 3e50e592-6992-4e4a-9ad1-0ce7fa81245d, sbt/terminalCapabilities, {"string":"key_right"}})
[debug] jsonRpcRequest: JsonRpcRequestMessage(2.0, 597c8ce7-dc35-44dc-af9f-46397599df92, sbt/terminalCapabilities, {"string":"key_save"}})
[debug] jsonRpcRequest: JsonRpcRequestMessage(2.0, be761e45-2b3c-4553-ae1d-5659c115a451, sbt/terminalCapabilities, {"string":"key_sbeg"}})
[debug] jsonRpcRequest: JsonRpcRequestMessage(2.0, 49036848-1c40-48bd-94ae-c637bea6c196, sbt/terminalCapabilities, {"string":"key_scancel"}})
[debug] jsonRpcRequest: JsonRpcRequestMessage(2.0, 251954ba-44fa-4274-8c18-283e41e7624e, sbt/terminalCapabilities, {"string":"key_scommand"}})
[debug] jsonRpcRequest: JsonRpcRequestMessage(2.0, 292ebc3f-f152-4166-aa52-dfdfe35ba137, sbt/terminalCapabilities, {"string":"key_scopy"}})
[debug] jsonRpcRequest: JsonRpcRequestMessage(2.0, a0ba6385-2bce-4db7-bef1-abbcaef7c628, sbt/terminalCapabilities, {"string":"key_screate"}})
[debug] jsonRpcRequest: JsonRpcRequestMessage(2.0, e35c3100-777f-428a-90c1-c6412b07bc0f, sbt/terminalCapabilities, {"string":"key_sdc"}})
[debug] jsonRpcRequest: JsonRpcRequestMessage(2.0, a62b5137-d050-4da4-8bcd-f72b70415b18, sbt/terminalCapabilities, {"string":"key_sdl"}})
[debug] jsonRpcRequest: JsonRpcRequestMessage(2.0, c5c9331b-711a-4c69-8b3e-c4a1f89ba8f8, sbt/terminalCapabilities, {"string":"key_select"}})
[debug] jsonRpcRequest: JsonRpcRequestMessage(2.0, 2eff245e-7977-41ff-a601-908cf5b54bee, sbt/terminalCapabilities, {"string":"key_send"}})
[debug] jsonRpcRequest: JsonRpcRequestMessage(2.0, 73580091-945d-4c3a-912a-4b049422e49f, sbt/terminalCapabilities, {"string":"key_seol"}})
[debug] jsonRpcRequest: JsonRpcRequestMessage(2.0, c2a0f069-2a9d-4d06-9edc-bcfd3372c45f, sbt/terminalCapabilities, {"string":"key_sexit"}})
[debug] jsonRpcRequest: JsonRpcRequestMessage(2.0, 570002b0-c797-4c35-a9c9-3853f1e02d16, sbt/terminalCapabilities, {"string":"key_sf"}})
[debug] jsonRpcRequest: JsonRpcRequestMessage(2.0, 6db7e733-cb50-4cc0-9fac-10789d049492, sbt/terminalCapabilities, {"string":"key_sfind"}})
[debug] jsonRpcRequest: JsonRpcRequestMessage(2.0, 7692c46d-a294-4840-b71c-60bd10bf7c6f, sbt/terminalCapabilities, {"string":"key_shelp"}})
[debug] jsonRpcRequest: JsonRpcRequestMessage(2.0, cb958863-85e4-43d9-a4f1-5bddd6696557, sbt/terminalCapabilities, {"string":"key_shome"}})
[debug] jsonRpcRequest: JsonRpcRequestMessage(2.0, d290129b-3195-42be-a5f8-151a247e9fdc, sbt/terminalCapabilities, {"string":"key_sic"}})
[debug] jsonRpcRequest: JsonRpcRequestMessage(2.0, 594f7837-9228-41b6-91d8-67545c31cf5a, sbt/terminalCapabilities, {"string":"key_sleft"}})
[debug] jsonRpcRequest: JsonRpcRequestMessage(2.0, 4f26f8ff-25f0-4f01-a97a-e6c9bf6524db, sbt/terminalCapabilities, {"string":"key_smessage"}})
[debug] jsonRpcRequest: JsonRpcRequestMessage(2.0, 91f96fd4-7737-420b-87a4-3cd3393ccdba, sbt/terminalCapabilities, {"string":"key_smove"}})
[debug] jsonRpcRequest: JsonRpcRequestMessage(2.0, 015a5668-84c5-4139-b544-7c19ee4c9f25, sbt/terminalCapabilities, {"string":"key_snext"}})
[debug] jsonRpcRequest: JsonRpcRequestMessage(2.0, bb5dbac2-3aa5-41c7-998d-5b32e803a42e, sbt/terminalCapabilities, {"string":"key_soptions"}})
[debug] jsonRpcRequest: JsonRpcRequestMessage(2.0, 86a4eec6-6ee8-476a-a802-c3e655cabba5, sbt/terminalCapabilities, {"string":"key_sprevious"}})
[debug] jsonRpcRequest: JsonRpcRequestMessage(2.0, 25462a3a-c866-4223-8901-86cd765e1ee3, sbt/terminalCapabilities, {"string":"key_sprint"}})
[debug] jsonRpcRequest: JsonRpcRequestMessage(2.0, 38dc490b-e24b-461c-81ef-14496c6ecd82, sbt/terminalCapabilities, {"string":"key_sr"}})
[debug] jsonRpcRequest: JsonRpcRequestMessage(2.0, c2a06cb5-02dc-4b8b-b212-1c6e1913bd74, sbt/terminalCapabilities, {"string":"key_sredo"}})
[debug] jsonRpcRequest: JsonRpcRequestMessage(2.0, 15e23033-0736-4642-a0e4-5f1d89aeb7cf, sbt/terminalCapabilities, {"string":"key_sreplace"}})
[debug] jsonRpcRequest: JsonRpcRequestMessage(2.0, c17de3e9-83dd-4c50-84b9-5a7a5a0dafe3, sbt/terminalCapabilities, {"string":"key_sright"}})
[debug] jsonRpcRequest: JsonRpcRequestMessage(2.0, d8ecd9e6-0635-4c3b-988e-f99dc3579c86, sbt/terminalCapabilities, {"string":"key_srsume"}})
[debug] jsonRpcRequest: JsonRpcRequestMessage(2.0, 284cd397-56ca-497d-bc69-c3a4f0798e52, sbt/terminalCapabilities, {"string":"key_ssave"}})
[debug] jsonRpcRequest: JsonRpcRequestMessage(2.0, 23afe370-9983-47ab-bba6-8b1ea9e4f8a1, sbt/terminalCapabilities, {"string":"key_ssuspend"}})
[debug] jsonRpcRequest: JsonRpcRequestMessage(2.0, 552a5ad8-e522-4a99-a7d8-8cdbd652dc2b, sbt/terminalCapabilities, {"string":"key_stab"}})
[debug] jsonRpcRequest: JsonRpcRequestMessage(2.0, fad00624-3ac7-4bb9-893a-603cddcca19b, sbt/terminalCapabilities, {"string":"key_sundo"}})
[debug] jsonRpcRequest: JsonRpcRequestMessage(2.0, 6a0b8a4f-9734-45c3-a7fa-96f274c002f6, sbt/terminalCapabilities, {"string":"key_suspend"}})
[debug] jsonRpcRequest: JsonRpcRequestMessage(2.0, 4d7054a1-6655-4edd-b963-27b147815cae, sbt/terminalCapabilities, {"string":"key_undo"}})
[debug] jsonRpcRequest: JsonRpcRequestMessage(2.0, 7b78270d-0cff-4b46-b21b-52e70fb400fb, sbt/terminalCapabilities, {"string":"key_up"}})
[debug] jsonRpcRequest: JsonRpcRequestMessage(2.0, d5f124e7-74f7-4d7d-a811-7cf97663a5e9, sbt/terminalCapabilities, {"string":"key_mouse"}})
[debug] jsonRpcRequest: JsonRpcRequestMessage(2.0, 78191505-90f4-4eb4-9df3-5dddaaf1268c, sbt/terminalCapabilities, {"string":"key_up"}})
[debug] jsonRpcRequest: JsonRpcRequestMessage(2.0, 671280b3-fd08-43ac-a424-5cbf223357bd, sbt/terminalCapabilities, {"string":"key_down"}})
[debug] jsonRpcRequest: JsonRpcRequestMessage(2.0, e7bdacc1-7c68-4589-8df4-7c687feacc18, sbt/terminalCapabilities, {"string":"key_left"}})
[debug] jsonRpcRequest: JsonRpcRequestMessage(2.0, f5b2cbfa-74d1-43ef-abd0-abe825dd3bd3, sbt/terminalCapabilities, {"string":"key_right"}})
[debug] jsonRpcRequest: JsonRpcRequestMessage(2.0, cb5ca9c7-5ab1-4516-bdd1-7e1e879d36b2, sbt/terminalCapabilities, {"string":"key_home"}})
[debug] jsonRpcRequest: JsonRpcRequestMessage(2.0, 0bd7c9f1-7fef-4011-b3cf-1aecb8feba2c, sbt/terminalCapabilities, {"string":"key_end"}})
[debug] jsonRpcRequest: JsonRpcRequestMessage(2.0, 25c5951f-deef-440b-b640-84a9b4c447e7, sbt/terminalCapabilities, {"string":"key_dc"}})
[debug] jsonRpcRequest: JsonRpcRequestMessage(2.0, d53ae471-dedd-4c19-97bd-962851b5b5e7, sbt/terminalCapabilities, {"string":"key_dl"}})
[debug] jsonRpcRequest: JsonRpcRequestMessage(2.0, 659faef1-6b6b-42a8-9c2d-f64c85b5a75f, sbt/terminalCapabilities, {"string":"key_ic"}})
[debug] jsonRpcRequest: JsonRpcRequestMessage(2.0, 0373b24f-9d87-45fd-a0c4-af5f481e0a0f, sbt/terminalCapabilities, {"string":"key_mouse"}})
[debug] jsonRpcRequest: JsonRpcRequestMessage(2.0, 56dd4167-0bd0-443b-a845-21f1a9cfe6f6, sbt/terminalCapabilities, {"string":"key_right"}})
[debug] jsonRpcRequest: JsonRpcRequestMessage(2.0, 195f0445-afed-4b20-a844-f66a0b691623, sbt/terminalCapabilities, {"string":"key_left"}})
[debug] jsonRpcRequest: JsonRpcRequestMessage(2.0, 971e0bf8-510d-470d-a4bd-65339e532dc3, sbt/terminalCapabilities, {"string":"key_up"}})
[debug] jsonRpcRequest: JsonRpcRequestMessage(2.0, 93276b6c-d80f-4c44-8bcb-42a7dba298d7, sbt/terminalCapabilities, {"string":"key_down"}})
[debug] jsonRpcRequest: JsonRpcRequestMessage(2.0, eebd870d-c9eb-4948-8907-b18a552f9509, sbt/terminalCapabilities, {"string":"key_left"}})
[debug] jsonRpcRequest: JsonRpcRequestMessage(2.0, 502b54f2-72c4-4a63-9284-7dd2558f7a7b, sbt/terminalCapabilities, {"string":"key_right"}})
[debug] jsonRpcRequest: JsonRpcRequestMessage(2.0, 7e055c2c-27f4-45ac-bb59-c134cb92f3fe, sbt/terminalCapabilities, {"string":"key_home"}})
[debug] jsonRpcRequest: JsonRpcRequestMessage(2.0, 9f9cbc22-d52d-4238-804d-a704dee590a0, sbt/terminalCapabilities, {"string":"key_end"}})
[debug] jsonRpcRequest: JsonRpcRequestMessage(2.0, 42b25010-bc83-4253-a64b-f3464e1759a2, sbt/terminalCapabilities, {"string":"key_dc"}})
[debug] jsonRpcRequest: JsonRpcRequestMessage(2.0, 3fac2a9d-9e4d-4126-b78e-f44c310e9788, sbt/terminalCapabilities, {"string":"key_dl"}})
[debug] jsonRpcRequest: JsonRpcRequestMessage(2.0, 833aadf0-2b7a-4d72-9c27-43a491fae75b, sbt/terminalCapabilities, {"string":"key_ic"}})
[debug] jsonRpcRequest: JsonRpcRequestMessage(2.0, 5f9d8541-88be-464d-a379-d8952eba2ced, sbt/terminalCapabilities, {"string":"key_mouse"}})
[debug] jsonRpcRequest: JsonRpcRequestMessage(2.0, 70890ba1-3cea-4877-83dc-c652665c7673, sbt/terminalCapabilities, {"string":"key_a1"}})
[debug] jsonRpcRequest: JsonRpcRequestMessage(2.0, 91b0b388-8f1c-4649-966d-11bdcbb7df6b, sbt/terminalCapabilities, {"string":"key_a3"}})
[debug] jsonRpcRequest: JsonRpcRequestMessage(2.0, b3151f63-7411-421c-86dc-7fc9828e26f3, sbt/terminalCapabilities, {"string":"key_b2"}})
[debug] jsonRpcRequest: JsonRpcRequestMessage(2.0, 6d95b1d2-e1a8-4c72-b82d-98e150c4f5dd, sbt/terminalCapabilities, {"string":"key_backspace"}})
[debug] jsonRpcRequest: JsonRpcRequestMessage(2.0, 6c0d559c-54df-4cb4-a9b6-c3b39563bd1c, sbt/terminalCapabilities, {"string":"key_beg"}})
[debug] jsonRpcRequest: JsonRpcRequestMessage(2.0, 48d1e8ee-149c-45e6-9ea3-b11c144b4114, sbt/terminalCapabilities, {"string":"key_btab"}})
[debug] jsonRpcRequest: JsonRpcRequestMessage(2.0, 44bc3d02-4c39-4e3b-b6f7-e3e7f059f65f, sbt/terminalCapabilities, {"string":"key_c1"}})
[debug] jsonRpcRequest: JsonRpcRequestMessage(2.0, 663a8b7a-b2dc-462d-8762-ed0f5a6c8786, sbt/terminalCapabilities, {"string":"key_c3"}})
[debug] jsonRpcRequest: JsonRpcRequestMessage(2.0, 185eb33a-5b44-47cd-ade7-c3bf777f3aa7, sbt/terminalCapabilities, {"string":"key_cancel"}})
[debug] jsonRpcRequest: JsonRpcRequestMessage(2.0, 95fc7559-5055-4b88-95c5-96ebe610b008, sbt/terminalCapabilities, {"string":"key_catab"}})
[debug] jsonRpcRequest: JsonRpcRequestMessage(2.0, f886266a-7fae-4b5e-8d2d-8c9f63e829eb, sbt/terminalCapabilities, {"string":"key_clear"}})
[debug] jsonRpcRequest: JsonRpcRequestMessage(2.0, ba48f995-4625-418b-8adb-214902d9874a, sbt/terminalCapabilities, {"string":"key_close"}})
[debug] jsonRpcRequest: JsonRpcRequestMessage(2.0, 86103210-00d3-472d-9500-964581e465f7, sbt/terminalCapabilities, {"string":"key_command"}})
[debug] jsonRpcRequest: JsonRpcRequestMessage(2.0, 5d01ba44-11df-4c6a-b776-36e4076af4d6, sbt/terminalCapabilities, {"string":"key_copy"}})
[debug] jsonRpcRequest: JsonRpcRequestMessage(2.0, 27948bcf-2a2f-4cde-abf5-189e79a92947, sbt/terminalCapabilities, {"string":"key_create"}})
[debug] jsonRpcRequest: JsonRpcRequestMessage(2.0, 5bcb7ffa-eca6-4fef-ae20-8f0356f7f6ad, sbt/terminalCapabilities, {"string":"key_ctab"}})
[debug] jsonRpcRequest: JsonRpcRequestMessage(2.0, 614211c9-8e75-467b-9e2b-648154a88e51, sbt/terminalCapabilities, {"string":"key_dc"}})
[debug] jsonRpcRequest: JsonRpcRequestMessage(2.0, 8746357f-9c72-43d4-a987-7dde1b7f6cea, sbt/terminalCapabilities, {"string":"key_dl"}})
[debug] jsonRpcRequest: JsonRpcRequestMessage(2.0, 6191fb45-1df1-4c13-8f4d-410ee4827bea, sbt/terminalCapabilities, {"string":"key_down"}})
[debug] jsonRpcRequest: JsonRpcRequestMessage(2.0, 1ffceb47-9eaa-4725-b9e7-e9c384ee5967, sbt/terminalCapabilities, {"string":"key_eic"}})
[debug] jsonRpcRequest: JsonRpcRequestMessage(2.0, 729c2304-297b-44e8-8d15-08a4358f31d5, sbt/terminalCapabilities, {"string":"key_end"}})
[debug] jsonRpcRequest: JsonRpcRequestMessage(2.0, 9abcf056-7531-4563-a7e5-7f9efc820d52, sbt/terminalCapabilities, {"string":"key_enter"}})
[debug] jsonRpcRequest: JsonRpcRequestMessage(2.0, 8926d903-fafe-43e1-aa82-241be729e066, sbt/terminalCapabilities, {"string":"key_eol"}})
[debug] jsonRpcRequest: JsonRpcRequestMessage(2.0, d60f52fa-7875-4499-a389-c997c8dbe843, sbt/terminalCapabilities, {"string":"key_eos"}})
[debug] jsonRpcRequest: JsonRpcRequestMessage(2.0, 50a94f39-0b40-4076-939f-eef47d7e17be, sbt/terminalCapabilities, {"string":"key_exit"}})
[debug] jsonRpcRequest: JsonRpcRequestMessage(2.0, 4435c2be-5fe7-4fe5-ba94-542276b7afd1, sbt/terminalCapabilities, {"string":"key_f0"}})
[debug] jsonRpcRequest: JsonRpcRequestMessage(2.0, 4d8bb99d-5d76-424a-bd42-72a4ebed352e, sbt/terminalCapabilities, {"string":"key_f1"}})
[debug] jsonRpcRequest: JsonRpcRequestMessage(2.0, 29a10b28-c46d-4c6d-8d6e-38095644b076, sbt/terminalCapabilities, {"string":"key_f10"}})
[debug] jsonRpcRequest: JsonRpcRequestMessage(2.0, 515a952d-b98d-4783-be51-966fbfd7d264, sbt/terminalCapabilities, {"string":"key_f11"}})
[debug] jsonRpcRequest: JsonRpcRequestMessage(2.0, 8444cc52-20de-4665-8691-37a870c7930f, sbt/terminalCapabilities, {"string":"key_f12"}})
[debug] jsonRpcRequest: JsonRpcRequestMessage(2.0, 137602d0-6dd7-46eb-9e82-31b3e826ed8e, sbt/terminalCapabilities, {"string":"key_f13"}})
[debug] jsonRpcRequest: JsonRpcRequestMessage(2.0, 9e357abb-67b0-4cf6-999f-54e08e8a1797, sbt/terminalCapabilities, {"string":"key_f14"}})
[debug] jsonRpcRequest: JsonRpcRequestMessage(2.0, ffdc83ec-17a3-4a80-984d-3a1d5440ef4b, sbt/terminalCapabilities, {"string":"key_f15"}})
[debug] jsonRpcRequest: JsonRpcRequestMessage(2.0, 537af320-bdb4-4542-9256-760b914ea160, sbt/terminalCapabilities, {"string":"key_f16"}})
[debug] jsonRpcRequest: JsonRpcRequestMessage(2.0, 4bc945dc-48c8-4f27-98b2-d5304a67a928, sbt/terminalCapabilities, {"string":"key_f17"}})
[debug] jsonRpcRequest: JsonRpcRequestMessage(2.0, 2d62005f-7359-43b3-b81a-7ea43937d836, sbt/terminalCapabilities, {"string":"key_f18"}})
[debug] jsonRpcRequest: JsonRpcRequestMessage(2.0, aff1447f-f680-4d89-a0e4-25ed2bf6eea4, sbt/terminalCapabilities, {"string":"key_f19"}})
[debug] jsonRpcRequest: JsonRpcRequestMessage(2.0, 32309826-8170-478a-b0a7-b553ba73ed51, sbt/terminalCapabilities, {"string":"key_f2"}})
[debug] jsonRpcRequest: JsonRpcRequestMessage(2.0, 91a1c8c3-94af-49f8-bd1c-5447f1450575, sbt/terminalCapabilities, {"string":"key_f20"}})
[debug] jsonRpcRequest: JsonRpcRequestMessage(2.0, ffa490d4-99d3-44f6-9568-061e83251afb, sbt/terminalCapabilities, {"string":"key_f21"}})
[debug] jsonRpcRequest: JsonRpcRequestMessage(2.0, 1446a47a-32ec-470e-bbb0-1bb319b9e7d2, sbt/terminalCapabilities, {"string":"key_f22"}})
[debug] jsonRpcRequest: JsonRpcRequestMessage(2.0, ae2a8a48-e636-44ef-879e-e05442a210aa, sbt/terminalCapabilities, {"string":"key_f23"}})
[debug] jsonRpcRequest: JsonRpcRequestMessage(2.0, c1af30b1-af6b-4d83-89f4-3fd3c09744b5, sbt/terminalCapabilities, {"string":"key_f24"}})
[debug] jsonRpcRequest: JsonRpcRequestMessage(2.0, 5199f25d-1814-4644-aa2f-308c6dbc0403, sbt/terminalCapabilities, {"string":"key_f25"}})
[debug] jsonRpcRequest: JsonRpcRequestMessage(2.0, a1fadcbc-572c-4953-85e5-13d08c2b2296, sbt/terminalCapabilities, {"string":"key_f26"}})
[debug] jsonRpcRequest: JsonRpcRequestMessage(2.0, f1eea791-5500-41ce-b8e5-59bebdfad3c7, sbt/terminalCapabilities, {"string":"key_f27"}})
[debug] jsonRpcRequest: JsonRpcRequestMessage(2.0, d8318ba3-6556-4313-bb60-bc7922c41626, sbt/terminalCapabilities, {"string":"key_f28"}})
[debug] jsonRpcRequest: JsonRpcRequestMessage(2.0, 40997e6d-c82c-4999-8cd1-71004726343b, sbt/terminalCapabilities, {"string":"key_f29"}})
[debug] jsonRpcRequest: JsonRpcRequestMessage(2.0, 363508e5-f6c2-457e-aeca-3edea592a9f0, sbt/terminalCapabilities, {"string":"key_f3"}})
[debug] jsonRpcRequest: JsonRpcRequestMessage(2.0, 5ef21da5-991f-4131-97d2-37ecae5c43f9, sbt/terminalCapabilities, {"string":"key_f30"}})
[debug] jsonRpcRequest: JsonRpcRequestMessage(2.0, affe29de-4331-4ba0-8d74-6c82325aa9bc, sbt/terminalCapabilities, {"string":"key_f31"}})
[debug] jsonRpcRequest: JsonRpcRequestMessage(2.0, 8a08443c-c6fd-45f7-a70f-c7f7f32dc0b5, sbt/terminalCapabilities, {"string":"key_f32"}})
[debug] jsonRpcRequest: JsonRpcRequestMessage(2.0, 4a83e950-cb5d-4ce3-99b7-228c6314fa02, sbt/terminalCapabilities, {"string":"key_f33"}})
[debug] jsonRpcRequest: JsonRpcRequestMessage(2.0, 287d9358-c5b3-4f7b-af0b-ff9f1d5ee41e, sbt/terminalCapabilities, {"string":"key_f34"}})
[debug] jsonRpcRequest: JsonRpcRequestMessage(2.0, 5a70435f-a12d-452a-bdff-e0bff869f8c7, sbt/terminalCapabilities, {"string":"key_f35"}})
[debug] jsonRpcRequest: JsonRpcRequestMessage(2.0, be4e29f6-925d-4d2d-97fe-d42bc374afff, sbt/terminalCapabilities, {"string":"key_f36"}})
[debug] jsonRpcRequest: JsonRpcRequestMessage(2.0, b5fb9214-0931-44f2-95ce-53c9e6a65e8b, sbt/terminalCapabilities, {"string":"key_f37"}})
[debug] jsonRpcRequest: JsonRpcRequestMessage(2.0, 9d4f0a3f-f3f6-4a9b-8f0e-b9255d739439, sbt/terminalCapabilities, {"string":"key_f38"}})
[debug] jsonRpcRequest: JsonRpcRequestMessage(2.0, f2a2b412-f73e-4854-b47c-c2d182d38127, sbt/terminalCapabilities, {"string":"key_f39"}})
[debug] jsonRpcRequest: JsonRpcRequestMessage(2.0, 2168ff4a-21b4-421c-922b-10ac855a0ac1, sbt/terminalCapabilities, {"string":"key_f4"}})
[debug] jsonRpcRequest: JsonRpcRequestMessage(2.0, 729b6dd6-144c-4b1f-8593-33ee0dfd5d40, sbt/terminalCapabilities, {"string":"key_f40"}})
[debug] jsonRpcRequest: JsonRpcRequestMessage(2.0, 508aa830-f8b0-49ff-b451-95ec5b2e9a07, sbt/terminalCapabilities, {"string":"key_f41"}})
[debug] jsonRpcRequest: JsonRpcRequestMessage(2.0, 5d31a5cf-427a-4d8a-a23f-e353b81a3f1e, sbt/terminalCapabilities, {"string":"key_f42"}})
[debug] jsonRpcRequest: JsonRpcRequestMessage(2.0, a9a7c4f0-61b1-49c9-bfc4-53a2651b93cb, sbt/terminalCapabilities, {"string":"key_f43"}})
[debug] jsonRpcRequest: JsonRpcRequestMessage(2.0, d4463d08-79e6-4a26-a207-db71fb5c9cb7, sbt/terminalCapabilities, {"string":"key_f44"}})
[debug] jsonRpcRequest: JsonRpcRequestMessage(2.0, 662e647c-3850-42b3-a4a3-81bc95d67f93, sbt/terminalCapabilities, {"string":"key_f45"}})
[debug] jsonRpcRequest: JsonRpcRequestMessage(2.0, 3c348b02-eac9-4d52-92ad-f434409a920a, sbt/terminalCapabilities, {"string":"key_f46"}})
[debug] jsonRpcRequest: JsonRpcRequestMessage(2.0, bba54184-fbcf-4a52-9979-0df56a792fa9, sbt/terminalCapabilities, {"string":"key_f47"}})
[debug] jsonRpcRequest: JsonRpcRequestMessage(2.0, e1bda8af-003b-4e26-abb9-c9107cccba7d, sbt/terminalCapabilities, {"string":"key_f48"}})
[debug] jsonRpcRequest: JsonRpcRequestMessage(2.0, cdfba00c-b881-4943-aabf-4e80e599b67f, sbt/terminalCapabilities, {"string":"key_f49"}})
[debug] jsonRpcRequest: JsonRpcRequestMessage(2.0, 75b9444e-9a35-4d0a-9dab-2a19aa985c27, sbt/terminalCapabilities, {"string":"key_f5"}})
[debug] jsonRpcRequest: JsonRpcRequestMessage(2.0, 62547283-e761-4b97-a964-c7493978b615, sbt/terminalCapabilities, {"string":"key_f50"}})
[debug] jsonRpcRequest: JsonRpcRequestMessage(2.0, 80edc8e6-51b3-4557-a500-d425cef6b068, sbt/terminalCapabilities, {"string":"key_f51"}})
[debug] jsonRpcRequest: JsonRpcRequestMessage(2.0, dbb3eee4-66d4-41f0-88fa-ea29f76c66f3, sbt/terminalCapabilities, {"string":"key_f52"}})
[debug] jsonRpcRequest: JsonRpcRequestMessage(2.0, d5094bb7-31d7-4b01-a282-928759c1cd91, sbt/terminalCapabilities, {"string":"key_f53"}})
[debug] jsonRpcRequest: JsonRpcRequestMessage(2.0, b88bb031-5d44-4076-bda8-5554021ec8f8, sbt/terminalCapabilities, {"string":"key_f54"}})
[debug] jsonRpcRequest: JsonRpcRequestMessage(2.0, fe1b2701-842a-4a8e-b703-b848a9d7fcf8, sbt/terminalCapabilities, {"string":"key_f55"}})
[debug] jsonRpcRequest: JsonRpcRequestMessage(2.0, 2c649f2c-bab1-4650-89ea-9c752b708eeb, sbt/terminalCapabilities, {"string":"key_f56"}})
[debug] jsonRpcRequest: JsonRpcRequestMessage(2.0, 09cb87af-d2fb-4bea-883b-51ba67156874, sbt/terminalCapabilities, {"string":"key_f57"}})
[debug] jsonRpcRequest: JsonRpcRequestMessage(2.0, 339ab11f-d353-4855-b7b9-50418f7fe019, sbt/terminalCapabilities, {"string":"key_f58"}})
[debug] jsonRpcRequest: JsonRpcRequestMessage(2.0, 27dc75ac-9e5e-4ed9-a0e1-99e277023db9, sbt/terminalCapabilities, {"string":"key_f59"}})
[debug] jsonRpcRequest: JsonRpcRequestMessage(2.0, ee5cb61d-54f1-49c2-bfca-2fc02484ca61, sbt/terminalCapabilities, {"string":"key_f6"}})
[debug] jsonRpcRequest: JsonRpcRequestMessage(2.0, 6c5b836c-d9ee-4dfa-9b50-711ad1827b8a, sbt/terminalCapabilities, {"string":"key_f60"}})
[debug] jsonRpcRequest: JsonRpcRequestMessage(2.0, 3ebdd631-dfea-4e1b-bc28-32bfa54ee40c, sbt/terminalCapabilities, {"string":"key_f61"}})
[debug] jsonRpcRequest: JsonRpcRequestMessage(2.0, 4ab0f395-775c-4c0a-92f1-f35d4c967a93, sbt/terminalCapabilities, {"string":"key_f62"}})
[debug] jsonRpcRequest: JsonRpcRequestMessage(2.0, 544074ea-b35f-478d-ab43-2d91f36130b6, sbt/terminalCapabilities, {"string":"key_f63"}})
[debug] jsonRpcRequest: JsonRpcRequestMessage(2.0, db79e2ad-6370-4e90-aad5-b41d0b1b670d, sbt/terminalCapabilities, {"string":"key_f7"}})
[debug] jsonRpcRequest: JsonRpcRequestMessage(2.0, 9e7667cc-3d73-47f1-8aef-7b01ff1a6c95, sbt/terminalCapabilities, {"string":"key_f8"}})
[debug] jsonRpcRequest: JsonRpcRequestMessage(2.0, 787bb865-3571-4415-b0eb-4d1fc2fde2af, sbt/terminalCapabilities, {"string":"key_f9"}})
[debug] jsonRpcRequest: JsonRpcRequestMessage(2.0, 0b30bce2-8a0f-42dc-ab0e-c1db887d659c, sbt/terminalCapabilities, {"string":"key_find"}})
[debug] jsonRpcRequest: JsonRpcRequestMessage(2.0, d2942994-6e63-46d3-a27e-475f2a027c97, sbt/terminalCapabilities, {"string":"key_help"}})
[debug] jsonRpcRequest: JsonRpcRequestMessage(2.0, 7324570f-1ee0-4508-b5fd-17450efbb58a, sbt/terminalCapabilities, {"string":"key_home"}})
[debug] jsonRpcRequest: JsonRpcRequestMessage(2.0, 6012b279-0689-40a0-a01d-1be8e5a3c355, sbt/terminalCapabilities, {"string":"key_ic"}})
[debug] jsonRpcRequest: JsonRpcRequestMessage(2.0, d7e07f36-9a80-447f-bd24-07d0df3cb6a4, sbt/terminalCapabilities, {"string":"key_il"}})
[debug] jsonRpcRequest: JsonRpcRequestMessage(2.0, c9d0facf-2bd5-4c27-beae-9619ea294bad, sbt/terminalCapabilities, {"string":"key_left"}})
[debug] jsonRpcRequest: JsonRpcRequestMessage(2.0, 1774b8fb-3579-43f8-979e-0f4ce1ebb9db, sbt/terminalCapabilities, {"string":"key_ll"}})
[debug] jsonRpcRequest: JsonRpcRequestMessage(2.0, 42ef5540-8746-4814-98c8-21493701461c, sbt/terminalCapabilities, {"string":"key_mark"}})
[debug] jsonRpcRequest: JsonRpcRequestMessage(2.0, c22b3b5f-0e9b-44ec-9b88-55260dc33eac, sbt/terminalCapabilities, {"string":"key_message"}})
[debug] jsonRpcRequest: JsonRpcRequestMessage(2.0, d49237fa-9cdc-4aa8-801d-c2e16cd3e8b0, sbt/terminalCapabilities, {"string":"key_move"}})
[debug] jsonRpcRequest: JsonRpcRequestMessage(2.0, e85c28f8-cf3a-4bdb-b031-a9ba25498185, sbt/terminalCapabilities, {"string":"key_next"}})
[debug] jsonRpcRequest: JsonRpcRequestMessage(2.0, ef9d5613-330b-42d6-882c-448e2c18c707, sbt/terminalCapabilities, {"string":"key_npage"}})
[debug] jsonRpcRequest: JsonRpcRequestMessage(2.0, 295daa47-99f7-40eb-8f15-c0ca66bc698b, sbt/terminalCapabilities, {"string":"key_open"}})
[debug] jsonRpcRequest: JsonRpcRequestMessage(2.0, 544cc4f9-c7d8-425a-a4f1-861aeb47bcf5, sbt/terminalCapabilities, {"string":"key_options"}})
[debug] jsonRpcRequest: JsonRpcRequestMessage(2.0, 59ceeff6-b6ab-48ea-ac9e-bd9e07e04922, sbt/terminalCapabilities, {"string":"key_ppage"}})
[debug] jsonRpcRequest: JsonRpcRequestMessage(2.0, d39d1201-00b3-4dfb-89ac-c9d4a04f14cc, sbt/terminalCapabilities, {"string":"key_previous"}})
[debug] jsonRpcRequest: JsonRpcRequestMessage(2.0, 8d4d213c-1340-49e2-a2ff-2e2fe1bd4609, sbt/terminalCapabilities, {"string":"key_print"}})
[debug] jsonRpcRequest: JsonRpcRequestMessage(2.0, 18d3167d-d5cd-41a9-8b79-a14373137b47, sbt/terminalCapabilities, {"string":"key_redo"}})
[debug] jsonRpcRequest: JsonRpcRequestMessage(2.0, b2e55bc5-ad54-49e4-8cdc-3f206f9a7a6c, sbt/terminalCapabilities, {"string":"key_reference"}})
[debug] jsonRpcRequest: JsonRpcRequestMessage(2.0, 736c8229-fbb9-4aa4-a74f-3ba6be524c8f, sbt/terminalCapabilities, {"string":"key_refresh"}})
[debug] jsonRpcRequest: JsonRpcRequestMessage(2.0, 0961a6b2-800f-4213-8dbf-8b5a08ae6845, sbt/terminalCapabilities, {"string":"key_replace"}})
[debug] jsonRpcRequest: JsonRpcRequestMessage(2.0, f6275fed-e6b5-4984-9294-54a264bc4509, sbt/terminalCapabilities, {"string":"key_restart"}})
[debug] jsonRpcRequest: JsonRpcRequestMessage(2.0, d0c0de53-adad-4d4e-a137-9358ed8c1026, sbt/terminalCapabilities, {"string":"key_resume"}})
[debug] jsonRpcRequest: JsonRpcRequestMessage(2.0, 164050af-b996-4925-aa13-d46fa551b35c, sbt/terminalCapabilities, {"string":"key_right"}})
[debug] jsonRpcRequest: JsonRpcRequestMessage(2.0, cfbf020a-e280-44c4-9607-4e04cdff42cf, sbt/terminalCapabilities, {"string":"key_save"}})
[debug] jsonRpcRequest: JsonRpcRequestMessage(2.0, 8ab2f783-6811-4e79-ae43-ec82511007ed, sbt/terminalCapabilities, {"string":"key_sbeg"}})
[debug] jsonRpcRequest: JsonRpcRequestMessage(2.0, 1d0f9d42-981d-4f1c-9b14-10fbef9d14b4, sbt/terminalCapabilities, {"string":"key_scancel"}})
[debug] jsonRpcRequest: JsonRpcRequestMessage(2.0, d2323acc-0fe6-4b55-9703-40e50a39bf44, sbt/terminalCapabilities, {"string":"key_scommand"}})
[debug] jsonRpcRequest: JsonRpcRequestMessage(2.0, 507991ef-822f-41aa-833e-b7af08af0a3b, sbt/terminalCapabilities, {"string":"key_scopy"}})
[debug] jsonRpcRequest: JsonRpcRequestMessage(2.0, ba2f3ace-b54d-4bb6-8579-67ecb361f2f7, sbt/terminalCapabilities, {"string":"key_screate"}})
[debug] jsonRpcRequest: JsonRpcRequestMessage(2.0, d84bb514-7f4a-494b-be75-917bbb15a078, sbt/terminalCapabilities, {"string":"key_sdc"}})
[debug] jsonRpcRequest: JsonRpcRequestMessage(2.0, 49dcfb66-cdc2-40ee-b650-70c23bb95db9, sbt/terminalCapabilities, {"string":"key_sdl"}})
[debug] jsonRpcRequest: JsonRpcRequestMessage(2.0, 82103f04-ab6b-4c46-969e-fdc8997b3ba8, sbt/terminalCapabilities, {"string":"key_select"}})
[debug] jsonRpcRequest: JsonRpcRequestMessage(2.0, 205b4539-5d0e-4809-b742-5ed15629435e, sbt/terminalCapabilities, {"string":"key_send"}})
[debug] jsonRpcRequest: JsonRpcRequestMessage(2.0, 7775895c-251d-44ff-934b-5052a86b445e, sbt/terminalCapabilities, {"string":"key_seol"}})
[debug] jsonRpcRequest: JsonRpcRequestMessage(2.0, 92692242-49e8-4f1e-b648-94ce7514b6c1, sbt/terminalCapabilities, {"string":"key_sexit"}})
[debug] jsonRpcRequest: JsonRpcRequestMessage(2.0, 86b727cb-f1cb-4331-851f-a58ad765a568, sbt/terminalCapabilities, {"string":"key_sf"}})
[debug] jsonRpcRequest: JsonRpcRequestMessage(2.0, e097ccbb-869c-4f84-9d2c-96eb36bf6d27, sbt/terminalCapabilities, {"string":"key_sfind"}})
[debug] jsonRpcRequest: JsonRpcRequestMessage(2.0, 460e7a01-b51f-44c3-91f3-6b4816b5afa5, sbt/terminalCapabilities, {"string":"key_shelp"}})
[debug] jsonRpcRequest: JsonRpcRequestMessage(2.0, 7a7b33e3-e8a7-4132-b0a4-a3ca572d9fae, sbt/terminalCapabilities, {"string":"key_shome"}})
[debug] jsonRpcRequest: JsonRpcRequestMessage(2.0, 30055f8e-7dbe-4507-b7f6-32ae31242519, sbt/terminalCapabilities, {"string":"key_sic"}})
[debug] jsonRpcRequest: JsonRpcRequestMessage(2.0, fe1eea81-8e0c-4d35-bb5c-336055a2d665, sbt/terminalCapabilities, {"string":"key_sleft"}})
[debug] jsonRpcRequest: JsonRpcRequestMessage(2.0, 8cc79440-9ebe-44d9-a41a-863e716cf7c1, sbt/terminalCapabilities, {"string":"key_smessage"}})
[debug] jsonRpcRequest: JsonRpcRequestMessage(2.0, 2d6d48c9-f875-415c-879b-94d5299e6718, sbt/terminalCapabilities, {"string":"key_smove"}})
[debug] jsonRpcRequest: JsonRpcRequestMessage(2.0, 5a1b79e6-60d7-47b0-b2a6-3e312e68447d, sbt/terminalCapabilities, {"string":"key_snext"}})
[debug] jsonRpcRequest: JsonRpcRequestMessage(2.0, 9683769a-83eb-4a72-b6d7-211e296266f9, sbt/terminalCapabilities, {"string":"key_soptions"}})
[debug] jsonRpcRequest: JsonRpcRequestMessage(2.0, 7d5efb77-0b17-4715-b9a6-137a72ea6152, sbt/terminalCapabilities, {"string":"key_sprevious"}})
[debug] jsonRpcRequest: JsonRpcRequestMessage(2.0, 14ec91a7-45fa-4a20-b682-07e02a69c123, sbt/terminalCapabilities, {"string":"key_sprint"}})
[debug] jsonRpcRequest: JsonRpcRequestMessage(2.0, 19a202ed-1e95-4a06-ab50-a850eccfcf0b, sbt/terminalCapabilities, {"string":"key_sr"}})
[debug] jsonRpcRequest: JsonRpcRequestMessage(2.0, 44f44149-563b-4532-814f-805bc5d6f24d, sbt/terminalCapabilities, {"string":"key_sredo"}})
[debug] jsonRpcRequest: JsonRpcRequestMessage(2.0, 6426dd0d-1d0a-43f3-ad60-7e10fb668e67, sbt/terminalCapabilities, {"string":"key_sreplace"}})
[debug] jsonRpcRequest: JsonRpcRequestMessage(2.0, 9e3dbee8-c1a3-46b3-a819-34de899b8ab9, sbt/terminalCapabilities, {"string":"key_sright"}})
[debug] jsonRpcRequest: JsonRpcRequestMessage(2.0, 830b4ea8-6058-455f-8689-b1853a962ee8, sbt/terminalCapabilities, {"string":"key_srsume"}})
[debug] jsonRpcRequest: JsonRpcRequestMessage(2.0, 2be9a42b-086e-4af7-82cb-3f08c0e32574, sbt/terminalCapabilities, {"string":"key_ssave"}})
[debug] jsonRpcRequest: JsonRpcRequestMessage(2.0, 11647c52-eeda-4eee-8ec5-14afab1cfd17, sbt/terminalCapabilities, {"string":"key_ssuspend"}})
[debug] jsonRpcRequest: JsonRpcRequestMessage(2.0, 534be2b0-2404-45e6-a758-b63d9d6246fd, sbt/terminalCapabilities, {"string":"key_stab"}})
[debug] jsonRpcRequest: JsonRpcRequestMessage(2.0, 1a89ebca-8db6-4e75-9f65-d7ac14f59bec, sbt/terminalCapabilities, {"string":"key_sundo"}})
[debug] jsonRpcRequest: JsonRpcRequestMessage(2.0, f7bd0370-85f2-4d01-a7d8-164a481cbe8c, sbt/terminalCapabilities, {"string":"key_suspend"}})
[debug] jsonRpcRequest: JsonRpcRequestMessage(2.0, ff21e3b5-f675-407a-b5a0-9c3f5d3d29a9, sbt/terminalCapabilities, {"string":"key_undo"}})
[debug] jsonRpcRequest: JsonRpcRequestMessage(2.0, 572079bd-8eca-46d1-b978-e5d02b6cfeba, sbt/terminalCapabilities, {"string":"key_up"}})
[debug] jsonRpcRequest: JsonRpcRequestMessage(2.0, c551a62f-0694-40bf-a7c2-f25a93e01f02, sbt/terminalCapabilities, {"string":"key_mouse"}})
[debug] jsonRpcRequest: JsonRpcRequestMessage(2.0, db8322ba-80b4-4ef6-9ee6-d7bd7263ad70, sbt/terminalCapabilities, {"string":"key_up"}})
[debug] jsonRpcRequest: JsonRpcRequestMessage(2.0, 734a06cd-c553-4e90-8626-7db39c4d9678, sbt/terminalCapabilities, {"string":"key_down"}})
[debug] jsonRpcRequest: JsonRpcRequestMessage(2.0, 3a9df1fc-58e5-4374-a47a-34323adc7503, sbt/terminalCapabilities, {"string":"key_left"}})
[debug] jsonRpcRequest: JsonRpcRequestMessage(2.0, 15084d5a-5a1f-475f-92b1-9fe2d35d058e, sbt/terminalCapabilities, {"string":"key_right"}})
[debug] jsonRpcRequest: JsonRpcRequestMessage(2.0, 0ee3868d-9a12-4dae-8b6d-aa52bc8e6e71, sbt/terminalCapabilities, {"string":"key_home"}})
[debug] jsonRpcRequest: JsonRpcRequestMessage(2.0, fb4b03a6-eff8-44fe-add4-c38b4001ec3c, sbt/terminalCapabilities, {"string":"key_end"}})
[debug] jsonRpcRequest: JsonRpcRequestMessage(2.0, 893677b0-9a97-4e1e-b68d-c3933cb8aebb, sbt/terminalCapabilities, {"string":"key_dc"}})
[debug] jsonRpcRequest: JsonRpcRequestMessage(2.0, 037cbf7b-64ca-4225-be84-d161c465a188, sbt/terminalCapabilities, {"string":"key_dl"}})
[debug] jsonRpcRequest: JsonRpcRequestMessage(2.0, 4234742f-e503-4494-ac6b-eb4027723175, sbt/terminalCapabilities, {"string":"key_ic"}})
[debug] jsonRpcRequest: JsonRpcRequestMessage(2.0, 52533a26-4021-467b-bcce-5c7a7ca3bf1b, sbt/terminalCapabilities, {"string":"key_mouse"}})
[debug] jsonRpcRequest: JsonRpcRequestMessage(2.0, 643a362b-8f25-4807-a944-cb039546087b, sbt/terminalCapabilities, {"string":"back_tab"}})
[debug] jsonRpcRequest: JsonRpcRequestMessage(2.0, ac061a44-2d55-41f7-ae5b-ad9a3cec76f3, sbt/terminalCapabilities, {"string":"key_up"}})
[debug] jsonRpcRequest: JsonRpcRequestMessage(2.0, e8df6337-7d5c-4fe3-9b94-022c0db6fded, sbt/terminalCapabilities, {"string":"key_down"}})
[debug] jsonRpcRequest: JsonRpcRequestMessage(2.0, 3870af30-82e9-4435-a14e-6ce90c5aa1ab, sbt/terminalCapabilities, {"string":"key_left"}})
[debug] jsonRpcRequest: JsonRpcRequestMessage(2.0, e4098284-fa81-4b33-9970-87d778bfd538, sbt/terminalCapabilities, {"string":"key_right"}})
[debug] jsonRpcRequest: JsonRpcRequestMessage(2.0, 001e44a0-3946-415b-8cc2-5d3f649b3e81, sbt/terminalCapabilities, {"string":"key_home"}})
[debug] jsonRpcRequest: JsonRpcRequestMessage(2.0, 35a4400a-1a18-4248-9f09-3ec65e5af526, sbt/terminalCapabilities, {"string":"key_end"}})
[debug] jsonRpcRequest: JsonRpcRequestMessage(2.0, f20e8383-3d3f-44b7-9e5b-09a2eccbcc02, sbt/terminalCapabilities, {"string":"key_dc"}})
[debug] jsonRpcRequest: JsonRpcRequestMessage(2.0, 3016494a-b130-498b-8a6e-2266c65c26e6, sbt/terminalCapabilities, {"string":"key_dl"}})
[debug] jsonRpcRequest: JsonRpcRequestMessage(2.0, 99d6f948-a738-47c2-b3df-955286cf5750, sbt/terminalCapabilities, {"string":"key_ic"}})
[debug] jsonRpcRequest: JsonRpcRequestMessage(2.0, a087fa7a-0c43-4098-975e-dcc1b3c8cd9f, sbt/terminalCapabilities, {"string":"key_mouse"}})
[debug] jsonRpcRequest: JsonRpcRequestMessage(2.0, 7022bf8d-12f6-4dca-98c1-f4abdf33e895, sbt/terminalCapabilities, {"string":"key_up"}})
[debug] jsonRpcRequest: JsonRpcRequestMessage(2.0, 7bc5f21e-4602-4d49-a3bf-855d14bb1f73, sbt/terminalCapabilities, {"string":"key_down"}})
[debug] jsonRpcRequest: JsonRpcRequestMessage(2.0, ede2228b-b959-4ca6-a519-610964f7423c, sbt/terminalCapabilities, {"string":"key_up"}})
[debug] jsonRpcRequest: JsonRpcRequestMessage(2.0, a725eeda-e1cc-495b-89a9-935d34d0bb7a, sbt/terminalCapabilities, {"string":"key_down"}})
[debug] jsonRpcRequest: JsonRpcRequestMessage(2.0, ab970f9d-5abe-47bb-a7d1-aaca56285207, sbt/getTerminalAttributes, {}})
[debug] jsonRpcRequest: JsonRpcRequestMessage(2.0, d4b8cb27-ed6d-4370-b8af-0e65b7a87e98, sbt/terminalCapabilities, {"string":"insert_line"}})
[debug] jsonRpcRequest: JsonRpcRequestMessage(2.0, 15459fa4-4155-4537-988a-2aaa47e705a1, sbt/terminalCapabilities, {"string":"delete_line"}})
[debug] jsonRpcRequest: JsonRpcRequestMessage(2.0, 104961a3-22e1-463a-a589-52d8fddef405, sbt/terminalCapabilities, {"boolean":"auto_right_margin"}})
[debug] jsonRpcRequest: JsonRpcRequestMessage(2.0, 81303673-d560-4d9d-a8da-beb167ebb98b, sbt/terminalCapabilities, {"boolean":"eat_newline_glitch"}})
[debug] jsonRpcRequest: JsonRpcRequestMessage(2.0, cf71bdb8-3eaf-4634-8aa7-afc74f76fea6, sbt/terminalCapabilities, {"string":"cursor_down"}})
[debug] jsonRpcRequest: JsonRpcRequestMessage(2.0, f7df3846-0bdd-4256-bf9a-14d76421b84b, sbt/terminalSetRawMode, {"toggle":true}})
[debug] jsonRpcRequest: JsonRpcRequestMessage(2.0, dfbe434c-d4e3-44f0-8f4a-6c27d2c8964f, sbt/getTerminalAttributes, {}})
[debug] jsonRpcRequest: JsonRpcRequestMessage(2.0, b678758c-139b-44de-afa5-a864c8412cdb, sbt/terminalCapabilities, {"string":"insert_line"}})
[debug] jsonRpcRequest: JsonRpcRequestMessage(2.0, 9a149a55-b494-4678-82b2-45ce34a92fef, sbt/terminalCapabilities, {"string":"delete_line"}})
[debug] jsonRpcRequest: JsonRpcRequestMessage(2.0, b02ca12c-6c67-4988-aac1-5655e724f418, sbt/terminalCapabilities, {"boolean":"auto_right_margin"}})
[debug] jsonRpcRequest: JsonRpcRequestMessage(2.0, 45a17348-08bd-40d4-8a71-4a6e443fcfe5, sbt/terminalCapabilities, {"boolean":"eat_newline_glitch"}})
[debug] jsonRpcRequest: JsonRpcRequestMessage(2.0, cb48fc18-e5f7-42bf-b123-951fa068d26d, sbt/terminalCapabilities, {"string":"cursor_down"}})
[debug] jsonRpcRequest: JsonRpcRequestMessage(2.0, d4f2442e-ed2d-4725-87b4-a99f2139b4d9, sbt/terminalCapabilities, {"string":"keypad_xmit"}})
[debug] jsonRpcRequest: JsonRpcRequestMessage(2.0, abff627a-79c7-46de-ac52-bc667d4becac, sbt/terminalCapabilities, {"numeric":"max_colors"}})
[debug] jsonRpcRequest: JsonRpcRequestMessage(2.0, 84b67bb4-da87-49a0-84bc-8bf1b8759edb, sbt/terminalCapabilities, {"numeric":"max_colors"}})
[debug] jsonRpcRequest: JsonRpcRequestMessage(2.0, bafa0a5f-eb3f-466e-95e7-85a7b149833b, sbt/terminalCapabilities, {"string":"enter_alt_charset_mode"}})
[debug] jsonRpcRequest: JsonRpcRequestMessage(2.0, 9b8733ad-e9c6-4967-9ada-043e6ebd5a76, sbt/terminalCapabilities, {"string":"exit_alt_charset_mode"}})
[debug] jsonRpcNotify: JsonRpcNotificationMessage(2.0, sbt/readSystemIn, "")
